[2025-07-23T13:35:50.527Z] --- Migration started at 2025-07-23T13:35:50.526Z ---
[2025-07-23T13:35:50.528Z] === MIGRATION STARTED ===
[2025-07-23T13:35:50.586Z] Connected to database
[2025-07-23T13:35:50.587Z] --- Migrating Facilities & Units ---
[2025-07-23T13:35:50.646Z] Created new facility: Dallas North
[2025-07-23T13:35:50.693Z] Inserted unit 1000 for facility 'Dallas North'
[2025-07-23T13:35:50.729Z] Inserted unit 1001 for facility 'Dallas North'
[2025-07-23T13:35:50.778Z] Created new facility: Dallas South
[2025-07-23T13:35:50.827Z] Inserted unit 1000 for facility 'Dallas South'
[2025-07-23T13:35:50.863Z] Inserted unit 1001 for facility 'Dallas South'
[2025-07-23T13:35:50.899Z] Inserted unit 1002 for facility 'Dallas South'
[2025-07-23T13:35:50.900Z] Facilities & Units migration complete
[2025-07-23T13:35:50.900Z] --- Migrating Rent Roll ---
[2025-07-23T13:35:50.908Z] Orphaned FK: unit '1019' not found for facility 'Dallas South'
[2025-07-23T13:35:50.909Z] SKIPPED: missing required fields - {"facilityName":"Dallas North","unitNumber":"1016","firstName":"Amy","lastName":"Ramirez","phone":"","email":"","rentStartDate":"","rentEndDate":"","monthlyRent":"","currentRentOwed":"","currentRentOwedDueDate":""}
[2025-07-23T13:35:50.910Z] SKIPPED: missing required fields - {"facilityName":"Dallas South","unitNumber":"1018","firstName":"Tina","lastName":"Dodson","phone":"","email":"","rentStartDate":"","rentEndDate":"","monthlyRent":"","currentRentOwed":"","currentRentOwedDueDate":""}
[2025-07-23T13:35:50.915Z] Orphaned FK: unit '1001' not found for facility 'Dallas South'
[2025-07-23T13:35:50.921Z] Orphaned FK: unit '1002' not found for facility 'Dallas North'
[2025-07-23T13:35:50.924Z] Orphaned FK: unit '1017' not found for facility 'Dallas North'
[2025-07-23T13:35:50.927Z] Orphaned FK: unit '1018' not found for facility 'Dallas South'
[2025-07-23T13:35:50.929Z] Orphaned FK: unit '1011' not found for facility 'Dallas South'
[2025-07-23T13:35:50.931Z] Orphaned FK: unit '1008' not found for facility 'Dallas South'
[2025-07-23T13:35:50.935Z] Orphaned FK: unit '1008' not found for facility 'Dallas South'
[2025-07-23T13:35:50.937Z] Orphaned FK: unit '9999' not found for facility 'Unknown Facility'
[2025-07-23T13:35:50.939Z] Orphaned FK: unit '1010' not found for facility 'Dallas South'
[2025-07-23T13:35:50.943Z] Orphaned FK: unit '1002' not found for facility 'Dallas North'
[2025-07-23T13:35:50.947Z] Orphaned FK: unit '1018' not found for facility 'Dallas South'
[2025-07-23T13:35:50.949Z] Orphaned FK: unit '1014' not found for facility 'Dallas South'
[2025-07-23T13:35:50.952Z] Orphaned FK: unit '1001' not found for facility 'Dallas South'
[2025-07-23T13:35:50.956Z] Orphaned FK: unit '1010' not found for facility 'Dallas North'
[2025-07-23T13:35:50.958Z] Orphaned FK: unit '1007' not found for facility 'Dallas North'
[2025-07-23T13:35:50.960Z] Orphaned FK: unit '1018' not found for facility 'Dallas South'
[2025-07-23T13:35:50.962Z] Orphaned FK: unit '??unit' not found for facility '!!!Invalid Facility###'
[2025-07-23T13:35:51.002Z] Created new tenant: David Coleman
[2025-07-23T13:35:51.073Z] Inserted contract for tenant 'David Coleman' on unit '1000'
[2025-07-23T13:35:51.074Z] SKIPPED: missing required fields - {"facilityName":"Dallas North","unitNumber":"1019","firstName":"Lisa","lastName":"Robinson","phone":"","email":"","rentStartDate":"","rentEndDate":"","monthlyRent":"","currentRentOwed":"","currentRentOwedDueDate":""}
[2025-07-23T13:35:51.076Z] Orphaned FK: unit '1012' not found for facility 'Dallas South'
[2025-07-23T13:35:51.078Z] Orphaned FK: unit '1011' not found for facility 'Dallas North'
[2025-07-23T13:35:51.080Z] Orphaned FK: unit '9999' not found for facility 'Unknown Facility'
[2025-07-23T13:35:51.082Z] Orphaned FK: unit '1003' not found for facility 'Dallas South'
[2025-07-23T13:35:51.120Z] Created new tenant: Christopher Davenport
[2025-07-23T13:35:51.229Z] Inserted contract for tenant 'Christopher Davenport' on unit '1002'
[2025-07-23T13:35:51.232Z] Orphaned FK: unit '1007' not found for facility 'Dallas North'
[2025-07-23T13:35:51.235Z] Orphaned FK: unit '1011' not found for facility 'Dallas South'
[2025-07-23T13:35:51.238Z] Orphaned FK: unit '1010' not found for facility 'Dallas South'
[2025-07-23T13:35:51.241Z] Orphaned FK: unit '1014' not found for facility 'Dallas North'
[2025-07-23T13:35:51.244Z] Orphaned FK: unit '1014' not found for facility 'Dallas South'
[2025-07-23T13:35:51.245Z] SKIPPED: missing required fields - {"facilityName":"Dallas North","unitNumber":"1006","firstName":"Chloe","lastName":"Bell","phone":"","email":"","rentStartDate":"","rentEndDate":"","monthlyRent":"","currentRentOwed":"","currentRentOwedDueDate":""}
[2025-07-23T13:35:51.249Z] Orphaned FK: unit '1000' not found for facility 'Dallas South'
[2025-07-23T13:35:51.251Z] Orphaned FK: unit '9999' not found for facility 'Unknown Facility'
[2025-07-23T13:35:51.389Z] Created new tenant: Lisa Hill
[2025-07-23T13:35:51.460Z] Inserted contract for tenant 'Lisa Hill' on unit '1002'
[2025-07-23T13:35:51.496Z] Created new tenant: Robert Elliott
[2025-07-23T13:35:51.581Z] Inserted contract for tenant 'Robert Elliott' on unit '1002'
[2025-07-23T13:35:51.583Z] Orphaned FK: unit '1015' not found for facility 'Dallas South'
[2025-07-23T13:35:51.586Z] Orphaned FK: unit '1003' not found for facility 'Dallas North'
[2025-07-23T13:35:51.589Z] Orphaned FK: unit '9999' not found for facility 'Unknown Facility'
[2025-07-23T13:35:51.591Z] Orphaned FK: unit '1003' not found for facility 'Dallas North'
[2025-07-23T13:35:51.593Z] Orphaned FK: unit '1009' not found for facility 'Dallas North'
[2025-07-23T13:35:51.595Z] Orphaned FK: unit '1012' not found for facility 'Dallas North'
[2025-07-23T13:35:51.598Z] Orphaned FK: unit '1015' not found for facility 'Dallas North'
[2025-07-23T13:35:51.600Z] Orphaned FK: unit '1015' not found for facility 'Dallas North'
[2025-07-23T13:35:51.603Z] Orphaned FK: unit '1008' not found for facility 'Dallas South'
[2025-07-23T13:35:51.605Z] Orphaned FK: unit '1004' not found for facility 'Dallas North'
[2025-07-23T13:35:51.608Z] Orphaned FK: unit '1012' not found for facility 'Dallas North'
[2025-07-23T13:35:51.612Z] Orphaned FK: unit '1001' not found for facility 'Dallas South'
[2025-07-23T13:35:51.614Z] Orphaned FK: unit '1004' not found for facility 'Dallas South'
[2025-07-23T13:35:51.650Z] Created new tenant: James Pratt
[2025-07-23T13:35:51.735Z] Inserted contract for tenant 'James Pratt' on unit '1001'
[2025-07-23T13:35:51.738Z] Orphaned FK: unit '??unit' not found for facility '!!!Invalid Facility###'
[2025-07-23T13:35:51.741Z] Orphaned FK: unit '1010' not found for facility 'Dallas North'
[2025-07-23T13:35:51.743Z] Orphaned FK: unit '1019' not found for facility 'Dallas North'
[2025-07-23T13:35:51.745Z] Orphaned FK: unit '1009' not found for facility 'Dallas North'
[2025-07-23T13:35:51.747Z] Orphaned FK: unit '1019' not found for facility 'Dallas North'
[2025-07-23T13:35:51.750Z] Orphaned FK: unit '1010' not found for facility 'Dallas North'
[2025-07-23T13:35:51.753Z] Orphaned FK: unit '1007' not found for facility 'Dallas South'
[2025-07-23T13:35:51.755Z] Orphaned FK: unit '9999' not found for facility 'Unknown Facility'
[2025-07-23T13:35:51.759Z] Orphaned FK: unit '1001' not found for facility 'Dallas South'
[2025-07-23T13:35:51.762Z] Orphaned FK: unit '1003' not found for facility 'Dallas South'
[2025-07-23T13:35:51.766Z] Orphaned FK: unit '1002' not found for facility 'Dallas North'
[2025-07-23T13:35:51.768Z] Orphaned FK: unit '1019' not found for facility 'Dallas South'
[2025-07-23T13:35:51.770Z] Orphaned FK: unit '??unit' not found for facility '!!!Invalid Facility###'
[2025-07-23T13:35:51.772Z] Orphaned FK: unit '1019' not found for facility 'Dallas North'
[2025-07-23T13:35:51.776Z] Orphaned FK: unit '1002' not found for facility 'Dallas North'
[2025-07-23T13:35:51.778Z] Orphaned FK: unit '1004' not found for facility 'Dallas North'
[2025-07-23T13:35:51.780Z] Orphaned FK: unit '1018' not found for facility 'Dallas North'
[2025-07-23T13:35:51.782Z] Orphaned FK: unit '9999' not found for facility 'Unknown Facility'
[2025-07-23T13:35:51.784Z] Orphaned FK: unit '1012' not found for facility 'Dallas South'
[2025-07-23T13:35:51.787Z] Orphaned FK: unit '1014' not found for facility 'Dallas North'
[2025-07-23T13:35:51.790Z] Orphaned FK: unit '??unit' not found for facility '!!!Invalid Facility###'
[2025-07-23T13:35:51.790Z] SKIPPED: missing required fields - {"facilityName":"Dallas South","unitNumber":"1008","firstName":"Daniel","lastName":"Schwartz","phone":"","email":"","rentStartDate":"","rentEndDate":"","monthlyRent":"","currentRentOwed":"","currentRentOwedDueDate":""}
[2025-07-23T13:35:51.793Z] Orphaned FK: unit '9999' not found for facility 'Unknown Facility'
[2025-07-23T13:35:51.795Z] Orphaned FK: unit '1006' not found for facility 'Dallas North'
[2025-07-23T13:35:51.797Z] Orphaned FK: unit '9999' not found for facility 'Unknown Facility'
[2025-07-23T13:35:51.800Z] Orphaned FK: unit '1005' not found for facility 'Dallas South'
[2025-07-23T13:35:51.802Z] Orphaned FK: unit '1008' not found for facility 'Dallas North'
[2025-07-23T13:35:51.806Z] Orphaned FK: unit '1001' not found for facility 'Dallas South'
[2025-07-23T13:35:51.809Z] Orphaned FK: unit '1006' not found for facility 'Dallas South'
[2025-07-23T13:35:51.811Z] Orphaned FK: unit '1018' not found for facility 'Dallas North'
[2025-07-23T13:35:51.849Z] Created new tenant: Ryan Jones
[2025-07-23T13:35:51.909Z] Inserted contract for tenant 'Ryan Jones' on unit '1000'
[2025-07-23T13:35:51.912Z] Orphaned FK: unit '1011' not found for facility 'Dallas North'
[2025-07-23T13:35:51.914Z] Orphaned FK: unit '1012' not found for facility 'Dallas South'
[2025-07-23T13:35:51.916Z] Orphaned FK: unit '1016' not found for facility 'Dallas North'
[2025-07-23T13:35:51.921Z] Orphaned FK: unit '1001' not found for facility 'Dallas South'
[2025-07-23T13:35:51.922Z] SKIPPED: missing required fields - {"facilityName":"Dallas South","unitNumber":"1017","firstName":"Richard","lastName":"Wright","phone":"","email":"","rentStartDate":"","rentEndDate":"","monthlyRent":"","currentRentOwed":"","currentRentOwedDueDate":""}
[2025-07-23T13:35:51.924Z] Orphaned FK: unit '9999' not found for facility 'Unknown Facility'
[2025-07-23T13:35:51.925Z] SKIPPED: missing required fields - {"facilityName":"Dallas North","unitNumber":"1001","firstName":"Elizabeth","lastName":"Clark","phone":"","email":"","rentStartDate":"","rentEndDate":"","monthlyRent":"","currentRentOwed":"","currentRentOwedDueDate":""}
[2025-07-23T13:35:51.927Z] Orphaned FK: unit '9999' not found for facility 'Unknown Facility'
[2025-07-23T13:35:51.929Z] Orphaned FK: unit '??unit' not found for facility '!!!Invalid Facility###'
[2025-07-23T13:35:51.931Z] Orphaned FK: unit '1010' not found for facility 'Dallas South'
[2025-07-23T13:35:51.934Z] Orphaned FK: unit '1008' not found for facility 'Dallas North'
[2025-07-23T13:35:51.936Z] Orphaned FK: unit '1015' not found for facility 'Dallas South'
[2025-07-23T13:35:51.938Z] Orphaned FK: unit '1004' not found for facility 'Dallas North'
[2025-07-23T13:35:51.940Z] Orphaned FK: unit '1006' not found for facility 'Dallas South'
[2025-07-23T13:35:51.942Z] Orphaned FK: unit '1014' not found for facility 'Dallas North'
[2025-07-23T13:35:51.945Z] Orphaned FK: unit '1015' not found for facility 'Dallas South'
[2025-07-23T13:35:51.947Z] Orphaned FK: unit '1009' not found for facility 'Dallas South'
[2025-07-23T13:35:51.949Z] Orphaned FK: unit '1005' not found for facility 'Dallas North'
[2025-07-23T13:35:51.950Z] Rent Roll migration complete
[2025-07-23T13:35:51.950Z] ALL MIGRATIONS COMPLETED SUCCESSFULLY.
[2025-07-23T13:35:51.952Z] --- Migration finished at 2025-07-23T13:35:51.952Z ---
[2025-07-23T13:42:23.020Z] --- Migration started at 2025-07-23T13:42:23.018Z ---
[2025-07-23T13:42:23.021Z] === MIGRATION STARTED ===
[2025-07-23T13:42:23.083Z] Connected to database
[2025-07-23T13:42:23.084Z] --- Migrating Facilities & Units ---
[2025-07-23T13:42:23.189Z] Created new facility: Dallas North
[2025-07-23T13:42:23.224Z] Inserted unit 1000 for facility 'Dallas North'
[2025-07-23T13:42:23.260Z] Inserted unit 1001 for facility 'Dallas North'
[2025-07-23T13:42:23.309Z] Created new facility: Dallas South
[2025-07-23T13:42:23.359Z] Inserted unit 1000 for facility 'Dallas South'
[2025-07-23T13:42:23.394Z] Inserted unit 1001 for facility 'Dallas South'
[2025-07-23T13:42:23.430Z] Inserted unit 1002 for facility 'Dallas South'
[2025-07-23T13:42:23.431Z] Facilities & Units migration complete
[2025-07-23T13:42:23.432Z] --- Migrating Rent Roll ---
[2025-07-23T13:42:23.438Z] Orphaned FK: unit '1019' not found for facility 'Dallas South'
[2025-07-23T13:42:23.439Z] SKIPPED: missing required fields - {"facilityName":"Dallas North","unitNumber":"1016","firstName":"Amy","lastName":"Ramirez","phone":"","email":"","rentStartDate":"","rentEndDate":"","monthlyRent":"","currentRentOwed":"","currentRentOwedDueDate":""}
[2025-07-23T13:42:23.440Z] SKIPPED: missing required fields - {"facilityName":"Dallas South","unitNumber":"1018","firstName":"Tina","lastName":"Dodson","phone":"","email":"","rentStartDate":"","rentEndDate":"","monthlyRent":"","currentRentOwed":"","currentRentOwedDueDate":""}
[2025-07-23T13:42:23.445Z] Orphaned FK: unit '1001' not found for facility 'Dallas South'
[2025-07-23T13:42:23.449Z] Orphaned FK: unit '1002' not found for facility 'Dallas North'
[2025-07-23T13:42:23.451Z] Orphaned FK: unit '1017' not found for facility 'Dallas North'
[2025-07-23T13:42:23.453Z] Orphaned FK: unit '1018' not found for facility 'Dallas South'
[2025-07-23T13:42:23.455Z] Orphaned FK: unit '1011' not found for facility 'Dallas South'
[2025-07-23T13:42:23.457Z] Orphaned FK: unit '1008' not found for facility 'Dallas South'
[2025-07-23T13:42:23.459Z] Orphaned FK: unit '1008' not found for facility 'Dallas South'
[2025-07-23T13:42:23.461Z] Orphaned FK: unit '9999' not found for facility 'Unknown Facility'
[2025-07-23T13:42:23.463Z] Orphaned FK: unit '1010' not found for facility 'Dallas South'
[2025-07-23T13:42:23.465Z] Orphaned FK: unit '1002' not found for facility 'Dallas North'
[2025-07-23T13:42:23.467Z] Orphaned FK: unit '1018' not found for facility 'Dallas South'
[2025-07-23T13:42:23.468Z] Orphaned FK: unit '1014' not found for facility 'Dallas South'
[2025-07-23T13:42:23.471Z] Orphaned FK: unit '1001' not found for facility 'Dallas South'
[2025-07-23T13:42:23.473Z] Orphaned FK: unit '1010' not found for facility 'Dallas North'
[2025-07-23T13:42:23.475Z] Orphaned FK: unit '1007' not found for facility 'Dallas North'
[2025-07-23T13:42:23.477Z] Orphaned FK: unit '1018' not found for facility 'Dallas South'
[2025-07-23T13:42:23.478Z] Orphaned FK: unit '??unit' not found for facility '!!!Invalid Facility###'
[2025-07-23T13:42:23.510Z] Created new tenant: David Coleman
[2025-07-23T13:42:23.570Z] Inserted contract for tenant 'David Coleman' on unit '1000'
[2025-07-23T13:42:23.571Z] SKIPPED: missing required fields - {"facilityName":"Dallas North","unitNumber":"1019","firstName":"Lisa","lastName":"Robinson","phone":"","email":"","rentStartDate":"","rentEndDate":"","monthlyRent":"","currentRentOwed":"","currentRentOwedDueDate":""}
[2025-07-23T13:42:23.573Z] Orphaned FK: unit '1012' not found for facility 'Dallas South'
[2025-07-23T13:42:23.575Z] Orphaned FK: unit '1011' not found for facility 'Dallas North'
[2025-07-23T13:42:23.579Z] Orphaned FK: unit '9999' not found for facility 'Unknown Facility'
[2025-07-23T13:42:23.581Z] Orphaned FK: unit '1003' not found for facility 'Dallas South'
[2025-07-23T13:42:23.617Z] Created new tenant: Christopher Davenport
[2025-07-23T13:42:23.691Z] Inserted contract for tenant 'Christopher Davenport' on unit '1002'
[2025-07-23T13:42:23.693Z] Orphaned FK: unit '1007' not found for facility 'Dallas North'
[2025-07-23T13:42:23.695Z] Orphaned FK: unit '1011' not found for facility 'Dallas South'
[2025-07-23T13:42:23.697Z] Orphaned FK: unit '1010' not found for facility 'Dallas South'
[2025-07-23T13:42:23.699Z] Orphaned FK: unit '1014' not found for facility 'Dallas North'
[2025-07-23T13:42:23.700Z] Orphaned FK: unit '1014' not found for facility 'Dallas South'
[2025-07-23T13:42:23.701Z] SKIPPED: missing required fields - {"facilityName":"Dallas North","unitNumber":"1006","firstName":"Chloe","lastName":"Bell","phone":"","email":"","rentStartDate":"","rentEndDate":"","monthlyRent":"","currentRentOwed":"","currentRentOwedDueDate":""}
[2025-07-23T13:42:23.703Z] Orphaned FK: unit '1000' not found for facility 'Dallas South'
[2025-07-23T13:42:23.705Z] Orphaned FK: unit '9999' not found for facility 'Unknown Facility'
[2025-07-23T13:42:23.740Z] Created new tenant: Lisa Hill
[2025-07-23T13:42:23.801Z] Inserted contract for tenant 'Lisa Hill' on unit '1002'
[2025-07-23T13:42:23.837Z] Created new tenant: Robert Elliott
[2025-07-23T13:42:23.910Z] Inserted contract for tenant 'Robert Elliott' on unit '1002'
[2025-07-23T13:42:23.912Z] Orphaned FK: unit '1015' not found for facility 'Dallas South'
[2025-07-23T13:42:23.913Z] Orphaned FK: unit '1003' not found for facility 'Dallas North'
[2025-07-23T13:42:23.915Z] Orphaned FK: unit '9999' not found for facility 'Unknown Facility'
[2025-07-23T13:42:23.917Z] Orphaned FK: unit '1003' not found for facility 'Dallas North'
[2025-07-23T13:42:23.919Z] Orphaned FK: unit '1009' not found for facility 'Dallas North'
[2025-07-23T13:42:23.920Z] Orphaned FK: unit '1012' not found for facility 'Dallas North'
[2025-07-23T13:42:23.922Z] Orphaned FK: unit '1015' not found for facility 'Dallas North'
[2025-07-23T13:42:23.923Z] Orphaned FK: unit '1015' not found for facility 'Dallas North'
[2025-07-23T13:42:23.925Z] Orphaned FK: unit '1008' not found for facility 'Dallas South'
[2025-07-23T13:42:23.926Z] Orphaned FK: unit '1004' not found for facility 'Dallas North'
[2025-07-23T13:42:23.928Z] Orphaned FK: unit '1012' not found for facility 'Dallas North'
[2025-07-23T13:42:23.931Z] Orphaned FK: unit '1001' not found for facility 'Dallas South'
[2025-07-23T13:42:23.933Z] Orphaned FK: unit '1004' not found for facility 'Dallas South'
[2025-07-23T13:42:23.969Z] Created new tenant: James Pratt
[2025-07-23T13:42:24.017Z] Inserted contract for tenant 'James Pratt' on unit '1001'
[2025-07-23T13:42:24.019Z] Orphaned FK: unit '??unit' not found for facility '!!!Invalid Facility###'
[2025-07-23T13:42:24.021Z] Orphaned FK: unit '1010' not found for facility 'Dallas North'
[2025-07-23T13:42:24.022Z] Orphaned FK: unit '1019' not found for facility 'Dallas North'
[2025-07-23T13:42:24.024Z] Orphaned FK: unit '1009' not found for facility 'Dallas North'
[2025-07-23T13:42:24.026Z] Orphaned FK: unit '1019' not found for facility 'Dallas North'
[2025-07-23T13:42:24.028Z] Orphaned FK: unit '1010' not found for facility 'Dallas North'
[2025-07-23T13:42:24.030Z] Orphaned FK: unit '1007' not found for facility 'Dallas South'
[2025-07-23T13:42:24.031Z] Orphaned FK: unit '9999' not found for facility 'Unknown Facility'
[2025-07-23T13:42:24.033Z] Orphaned FK: unit '1001' not found for facility 'Dallas South'
[2025-07-23T13:42:24.035Z] Orphaned FK: unit '1003' not found for facility 'Dallas South'
[2025-07-23T13:42:24.039Z] Orphaned FK: unit '1002' not found for facility 'Dallas North'
[2025-07-23T13:42:24.041Z] Orphaned FK: unit '1019' not found for facility 'Dallas South'
[2025-07-23T13:42:24.043Z] Orphaned FK: unit '??unit' not found for facility '!!!Invalid Facility###'
[2025-07-23T13:42:24.045Z] Orphaned FK: unit '1019' not found for facility 'Dallas North'
[2025-07-23T13:42:24.047Z] Orphaned FK: unit '1002' not found for facility 'Dallas North'
[2025-07-23T13:42:24.049Z] Orphaned FK: unit '1004' not found for facility 'Dallas North'
[2025-07-23T13:42:24.051Z] Orphaned FK: unit '1018' not found for facility 'Dallas North'
[2025-07-23T13:42:24.053Z] Orphaned FK: unit '9999' not found for facility 'Unknown Facility'
[2025-07-23T13:42:24.055Z] Orphaned FK: unit '1012' not found for facility 'Dallas South'
[2025-07-23T13:42:24.056Z] Orphaned FK: unit '1014' not found for facility 'Dallas North'
[2025-07-23T13:42:24.058Z] Orphaned FK: unit '??unit' not found for facility '!!!Invalid Facility###'
[2025-07-23T13:42:24.059Z] SKIPPED: missing required fields - {"facilityName":"Dallas South","unitNumber":"1008","firstName":"Daniel","lastName":"Schwartz","phone":"","email":"","rentStartDate":"","rentEndDate":"","monthlyRent":"","currentRentOwed":"","currentRentOwedDueDate":""}
[2025-07-23T13:42:24.060Z] Orphaned FK: unit '9999' not found for facility 'Unknown Facility'
[2025-07-23T13:42:24.062Z] Orphaned FK: unit '1006' not found for facility 'Dallas North'
[2025-07-23T13:42:24.064Z] Orphaned FK: unit '9999' not found for facility 'Unknown Facility'
[2025-07-23T13:42:24.066Z] Orphaned FK: unit '1005' not found for facility 'Dallas South'
[2025-07-23T13:42:24.067Z] Orphaned FK: unit '1008' not found for facility 'Dallas North'
[2025-07-23T13:42:24.070Z] Orphaned FK: unit '1001' not found for facility 'Dallas South'
[2025-07-23T13:42:24.072Z] Orphaned FK: unit '1006' not found for facility 'Dallas South'
[2025-07-23T13:42:24.073Z] Orphaned FK: unit '1018' not found for facility 'Dallas North'
[2025-07-23T13:42:24.109Z] Created new tenant: Ryan Jones
[2025-07-23T13:42:24.169Z] Inserted contract for tenant 'Ryan Jones' on unit '1000'
[2025-07-23T13:42:24.171Z] Orphaned FK: unit '1011' not found for facility 'Dallas North'
[2025-07-23T13:42:24.172Z] Orphaned FK: unit '1012' not found for facility 'Dallas South'
[2025-07-23T13:42:24.174Z] Orphaned FK: unit '1016' not found for facility 'Dallas North'
[2025-07-23T13:42:24.177Z] Orphaned FK: unit '1001' not found for facility 'Dallas South'
[2025-07-23T13:42:24.178Z] SKIPPED: missing required fields - {"facilityName":"Dallas South","unitNumber":"1017","firstName":"Richard","lastName":"Wright","phone":"","email":"","rentStartDate":"","rentEndDate":"","monthlyRent":"","currentRentOwed":"","currentRentOwedDueDate":""}
[2025-07-23T13:42:24.180Z] Orphaned FK: unit '9999' not found for facility 'Unknown Facility'
[2025-07-23T13:42:24.181Z] SKIPPED: missing required fields - {"facilityName":"Dallas North","unitNumber":"1001","firstName":"Elizabeth","lastName":"Clark","phone":"","email":"","rentStartDate":"","rentEndDate":"","monthlyRent":"","currentRentOwed":"","currentRentOwedDueDate":""}
[2025-07-23T13:42:24.183Z] Orphaned FK: unit '9999' not found for facility 'Unknown Facility'
[2025-07-23T13:42:24.185Z] Orphaned FK: unit '??unit' not found for facility '!!!Invalid Facility###'
[2025-07-23T13:42:24.187Z] Orphaned FK: unit '1010' not found for facility 'Dallas South'
[2025-07-23T13:42:24.189Z] Orphaned FK: unit '1008' not found for facility 'Dallas North'
[2025-07-23T13:42:24.191Z] Orphaned FK: unit '1015' not found for facility 'Dallas South'
[2025-07-23T13:42:24.217Z] Orphaned FK: unit '1004' not found for facility 'Dallas North'
[2025-07-23T13:42:24.220Z] Orphaned FK: unit '1006' not found for facility 'Dallas South'
[2025-07-23T13:42:24.221Z] Orphaned FK: unit '1014' not found for facility 'Dallas North'
[2025-07-23T13:42:24.223Z] Orphaned FK: unit '1015' not found for facility 'Dallas South'
[2025-07-23T13:42:24.224Z] Orphaned FK: unit '1009' not found for facility 'Dallas South'
[2025-07-23T13:42:24.226Z] Orphaned FK: unit '1005' not found for facility 'Dallas North'
[2025-07-23T13:42:24.226Z] Rent Roll migration complete
[2025-07-23T13:42:24.227Z] ALL MIGRATIONS COMPLETED SUCCESSFULLY.
[2025-07-23T13:42:24.228Z] --- Migration finished at 2025-07-23T13:42:24.228Z ---
[2025-07-23T13:56:16.808Z] --- Migration started at 2025-07-23T13:56:16.807Z ---
[2025-07-23T13:56:16.809Z] === MIGRATION STARTED ===
[2025-07-23T13:56:16.865Z] Connected to database
[2025-07-23T13:56:16.867Z] --- Migrating Facilities & Units ---
[2025-07-23T13:56:16.886Z] Skipped existing unit 1000 in facility 'Dallas North'
[2025-07-23T13:56:16.892Z] Skipped existing unit 1001 in facility 'Dallas North'
[2025-07-23T13:56:16.898Z] Skipped existing unit 1000 in facility 'Dallas South'
[2025-07-23T13:56:16.904Z] Skipped existing unit 1001 in facility 'Dallas South'
[2025-07-23T13:56:16.909Z] Skipped existing unit 1002 in facility 'Dallas South'
[2025-07-23T13:56:16.910Z] Facilities & Units migration complete
[2025-07-23T13:56:16.911Z] --- Migrating Rent Roll ---
[2025-07-23T13:56:16.917Z] Orphaned FK: unit '1019' not found for facility 'Dallas South'
[2025-07-23T13:56:16.918Z] SKIPPED: missing required fields - {"facilityName":"Dallas North","unitNumber":"1016","firstName":"Amy","lastName":"Ramirez","phone":"","email":"","rentStartDate":"","rentEndDate":"","monthlyRent":"","currentRentOwed":"","currentRentOwedDueDate":""}
[2025-07-23T13:56:16.919Z] SKIPPED: missing required fields - {"facilityName":"Dallas South","unitNumber":"1018","firstName":"Tina","lastName":"Dodson","phone":"","email":"","rentStartDate":"","rentEndDate":"","monthlyRent":"","currentRentOwed":"","currentRentOwedDueDate":""}
[2025-07-23T13:56:16.922Z] Orphaned FK: unit '1001' not found for facility 'Dallas South'
[2025-07-23T13:56:16.925Z] Orphaned FK: unit '1002' not found for facility 'Dallas North'
[2025-07-23T13:56:16.929Z] Orphaned FK: unit '1017' not found for facility 'Dallas North'
[2025-07-23T13:56:16.931Z] Orphaned FK: unit '1018' not found for facility 'Dallas South'
[2025-07-23T13:56:16.933Z] Orphaned FK: unit '1011' not found for facility 'Dallas South'
[2025-07-23T13:56:16.934Z] Orphaned FK: unit '1008' not found for facility 'Dallas South'
[2025-07-23T13:56:16.936Z] Orphaned FK: unit '1008' not found for facility 'Dallas South'
[2025-07-23T13:56:16.938Z] Orphaned FK: unit '9999' not found for facility 'Unknown Facility'
[2025-07-23T13:56:16.940Z] Orphaned FK: unit '1010' not found for facility 'Dallas South'
[2025-07-23T13:56:16.943Z] Orphaned FK: unit '1002' not found for facility 'Dallas North'
[2025-07-23T13:56:16.944Z] Orphaned FK: unit '1018' not found for facility 'Dallas South'
[2025-07-23T13:56:16.946Z] Orphaned FK: unit '1014' not found for facility 'Dallas South'
[2025-07-23T13:56:16.949Z] Orphaned FK: unit '1001' not found for facility 'Dallas South'
[2025-07-23T13:56:16.950Z] Orphaned FK: unit '1010' not found for facility 'Dallas North'
[2025-07-23T13:56:16.952Z] Orphaned FK: unit '1007' not found for facility 'Dallas North'
[2025-07-23T13:56:16.954Z] Orphaned FK: unit '1018' not found for facility 'Dallas South'
[2025-07-23T13:56:16.955Z] Orphaned FK: unit '??unit' not found for facility '!!!Invalid Facility###'
[2025-07-23T13:56:16.960Z] Reused existing tenant: David Coleman
[2025-07-23T13:56:17.019Z] Inserted contract for tenant 'David Coleman' on unit '1000'
[2025-07-23T13:56:17.019Z] SKIPPED: missing required fields - {"facilityName":"Dallas North","unitNumber":"1019","firstName":"Lisa","lastName":"Robinson","phone":"","email":"","rentStartDate":"","rentEndDate":"","monthlyRent":"","currentRentOwed":"","currentRentOwedDueDate":""}
[2025-07-23T13:56:17.021Z] Orphaned FK: unit '1012' not found for facility 'Dallas South'
[2025-07-23T13:56:17.023Z] Orphaned FK: unit '1011' not found for facility 'Dallas North'
[2025-07-23T13:56:17.024Z] Orphaned FK: unit '9999' not found for facility 'Unknown Facility'
[2025-07-23T13:56:17.026Z] Orphaned FK: unit '1003' not found for facility 'Dallas South'
[2025-07-23T13:56:17.030Z] Reused existing tenant: Christopher Davenport
[2025-07-23T13:56:17.104Z] Inserted contract for tenant 'Christopher Davenport' on unit '1002'
[2025-07-23T13:56:17.105Z] Orphaned FK: unit '1007' not found for facility 'Dallas North'
[2025-07-23T13:56:17.107Z] Orphaned FK: unit '1011' not found for facility 'Dallas South'
[2025-07-23T13:56:17.109Z] Orphaned FK: unit '1010' not found for facility 'Dallas South'
[2025-07-23T13:56:17.110Z] Orphaned FK: unit '1014' not found for facility 'Dallas North'
[2025-07-23T13:56:17.112Z] Orphaned FK: unit '1014' not found for facility 'Dallas South'
[2025-07-23T13:56:17.112Z] SKIPPED: missing required fields - {"facilityName":"Dallas North","unitNumber":"1006","firstName":"Chloe","lastName":"Bell","phone":"","email":"","rentStartDate":"","rentEndDate":"","monthlyRent":"","currentRentOwed":"","currentRentOwedDueDate":""}
[2025-07-23T13:56:17.116Z] Orphaned FK: unit '1000' not found for facility 'Dallas South'
[2025-07-23T13:56:17.118Z] Orphaned FK: unit '9999' not found for facility 'Unknown Facility'
[2025-07-23T13:56:17.121Z] Reused existing tenant: Lisa Hill
[2025-07-23T13:56:17.178Z] Inserted contract for tenant 'Lisa Hill' on unit '1002'
[2025-07-23T13:56:17.182Z] Reused existing tenant: Robert Elliott
[2025-07-23T13:56:17.238Z] Inserted contract for tenant 'Robert Elliott' on unit '1002'
[2025-07-23T13:56:17.240Z] Orphaned FK: unit '1015' not found for facility 'Dallas South'
[2025-07-23T13:56:17.242Z] Orphaned FK: unit '1003' not found for facility 'Dallas North'
[2025-07-23T13:56:17.243Z] Orphaned FK: unit '9999' not found for facility 'Unknown Facility'
[2025-07-23T13:56:17.245Z] Orphaned FK: unit '1003' not found for facility 'Dallas North'
[2025-07-23T13:56:17.246Z] Orphaned FK: unit '1009' not found for facility 'Dallas North'
[2025-07-23T13:56:17.248Z] Orphaned FK: unit '1012' not found for facility 'Dallas North'
[2025-07-23T13:56:17.249Z] Orphaned FK: unit '1015' not found for facility 'Dallas North'
[2025-07-23T13:56:17.251Z] Orphaned FK: unit '1015' not found for facility 'Dallas North'
[2025-07-23T13:56:17.252Z] Orphaned FK: unit '1008' not found for facility 'Dallas South'
[2025-07-23T13:56:17.255Z] Orphaned FK: unit '1004' not found for facility 'Dallas North'
[2025-07-23T13:56:17.258Z] Orphaned FK: unit '1012' not found for facility 'Dallas North'
[2025-07-23T13:56:17.260Z] Orphaned FK: unit '1001' not found for facility 'Dallas South'
[2025-07-23T13:56:17.262Z] Orphaned FK: unit '1004' not found for facility 'Dallas South'
[2025-07-23T13:56:17.265Z] Reused existing tenant: James Pratt
[2025-07-23T13:56:17.321Z] Inserted contract for tenant 'James Pratt' on unit '1001'
[2025-07-23T13:56:17.322Z] Orphaned FK: unit '??unit' not found for facility '!!!Invalid Facility###'
[2025-07-23T13:56:17.324Z] Orphaned FK: unit '1010' not found for facility 'Dallas North'
[2025-07-23T13:56:17.325Z] Orphaned FK: unit '1019' not found for facility 'Dallas North'
[2025-07-23T13:56:17.327Z] Orphaned FK: unit '1009' not found for facility 'Dallas North'
[2025-07-23T13:56:17.329Z] Orphaned FK: unit '1019' not found for facility 'Dallas North'
[2025-07-23T13:56:17.330Z] Orphaned FK: unit '1010' not found for facility 'Dallas North'
[2025-07-23T13:56:17.332Z] Orphaned FK: unit '1007' not found for facility 'Dallas South'
[2025-07-23T13:56:17.334Z] Orphaned FK: unit '9999' not found for facility 'Unknown Facility'
[2025-07-23T13:56:17.336Z] Orphaned FK: unit '1001' not found for facility 'Dallas South'
[2025-07-23T13:56:17.339Z] Orphaned FK: unit '1003' not found for facility 'Dallas South'
[2025-07-23T13:56:17.342Z] Orphaned FK: unit '1002' not found for facility 'Dallas North'
[2025-07-23T13:56:17.343Z] Orphaned FK: unit '1019' not found for facility 'Dallas South'
[2025-07-23T13:56:17.345Z] Orphaned FK: unit '??unit' not found for facility '!!!Invalid Facility###'
[2025-07-23T13:56:17.346Z] Orphaned FK: unit '1019' not found for facility 'Dallas North'
[2025-07-23T13:56:17.351Z] Orphaned FK: unit '1002' not found for facility 'Dallas North'
[2025-07-23T13:56:17.353Z] Orphaned FK: unit '1004' not found for facility 'Dallas North'
[2025-07-23T13:56:17.355Z] Orphaned FK: unit '1018' not found for facility 'Dallas North'
[2025-07-23T13:56:17.356Z] Orphaned FK: unit '9999' not found for facility 'Unknown Facility'
[2025-07-23T13:56:17.358Z] Orphaned FK: unit '1012' not found for facility 'Dallas South'
[2025-07-23T13:56:17.359Z] Orphaned FK: unit '1014' not found for facility 'Dallas North'
[2025-07-23T13:56:17.362Z] Orphaned FK: unit '??unit' not found for facility '!!!Invalid Facility###'
[2025-07-23T13:56:17.362Z] SKIPPED: missing required fields - {"facilityName":"Dallas South","unitNumber":"1008","firstName":"Daniel","lastName":"Schwartz","phone":"","email":"","rentStartDate":"","rentEndDate":"","monthlyRent":"","currentRentOwed":"","currentRentOwedDueDate":""}
[2025-07-23T13:56:17.364Z] Orphaned FK: unit '9999' not found for facility 'Unknown Facility'
[2025-07-23T13:56:17.365Z] Orphaned FK: unit '1006' not found for facility 'Dallas North'
[2025-07-23T13:56:17.368Z] Orphaned FK: unit '9999' not found for facility 'Unknown Facility'
[2025-07-23T13:56:17.370Z] Orphaned FK: unit '1005' not found for facility 'Dallas South'
[2025-07-23T13:56:17.372Z] Orphaned FK: unit '1008' not found for facility 'Dallas North'
[2025-07-23T13:56:17.375Z] Orphaned FK: unit '1001' not found for facility 'Dallas South'
[2025-07-23T13:56:17.376Z] Orphaned FK: unit '1006' not found for facility 'Dallas South'
[2025-07-23T13:56:17.378Z] Orphaned FK: unit '1018' not found for facility 'Dallas North'
[2025-07-23T13:56:17.381Z] Reused existing tenant: Ryan Jones
[2025-07-23T13:56:17.437Z] Inserted contract for tenant 'Ryan Jones' on unit '1000'
[2025-07-23T13:56:17.439Z] Orphaned FK: unit '1011' not found for facility 'Dallas North'
[2025-07-23T13:56:17.441Z] Orphaned FK: unit '1012' not found for facility 'Dallas South'
[2025-07-23T13:56:17.442Z] Orphaned FK: unit '1016' not found for facility 'Dallas North'
[2025-07-23T13:56:17.445Z] Orphaned FK: unit '1001' not found for facility 'Dallas South'
[2025-07-23T13:56:17.446Z] SKIPPED: missing required fields - {"facilityName":"Dallas South","unitNumber":"1017","firstName":"Richard","lastName":"Wright","phone":"","email":"","rentStartDate":"","rentEndDate":"","monthlyRent":"","currentRentOwed":"","currentRentOwedDueDate":""}
[2025-07-23T13:56:17.447Z] Orphaned FK: unit '9999' not found for facility 'Unknown Facility'
[2025-07-23T13:56:17.448Z] SKIPPED: missing required fields - {"facilityName":"Dallas North","unitNumber":"1001","firstName":"Elizabeth","lastName":"Clark","phone":"","email":"","rentStartDate":"","rentEndDate":"","monthlyRent":"","currentRentOwed":"","currentRentOwedDueDate":""}
[2025-07-23T13:56:17.450Z] Orphaned FK: unit '9999' not found for facility 'Unknown Facility'
[2025-07-23T13:56:17.452Z] Orphaned FK: unit '??unit' not found for facility '!!!Invalid Facility###'
[2025-07-23T13:56:17.454Z] Orphaned FK: unit '1010' not found for facility 'Dallas South'
[2025-07-23T13:56:17.456Z] Orphaned FK: unit '1008' not found for facility 'Dallas North'
[2025-07-23T13:56:17.458Z] Orphaned FK: unit '1015' not found for facility 'Dallas South'
[2025-07-23T13:56:17.461Z] Orphaned FK: unit '1004' not found for facility 'Dallas North'
[2025-07-23T13:56:17.463Z] Orphaned FK: unit '1006' not found for facility 'Dallas South'
[2025-07-23T13:56:17.465Z] Orphaned FK: unit '1014' not found for facility 'Dallas North'
[2025-07-23T13:56:17.466Z] Orphaned FK: unit '1015' not found for facility 'Dallas South'
[2025-07-23T13:56:17.468Z] Orphaned FK: unit '1009' not found for facility 'Dallas South'
[2025-07-23T13:56:17.469Z] Orphaned FK: unit '1005' not found for facility 'Dallas North'
[2025-07-23T13:56:17.470Z] Rent Roll migration complete
[2025-07-23T13:56:17.471Z] === ALL MIGRATIONS COMPLETED SUCCESSFULLY. ===
[2025-07-23T13:56:17.471Z] View this log in: D:\NodeTypeScript\data-migration-script\src\logs\migration.log
[2025-07-23T13:56:17.473Z] --- Migration finished at 2025-07-23T13:56:17.473Z ---
[2025-07-23T14:08:55.337Z] --- Migration started at 2025-07-23T14:08:55.337Z ---
[2025-07-23T14:08:55.338Z] === MIGRATION STARTED ===
[2025-07-23T14:08:55.385Z] Connected to database
[2025-07-23T14:08:55.385Z] --- Migrating Facilities & Units ---
[2025-07-23T14:08:55.496Z] Created new facility: Dallas North
[2025-07-23T14:08:55.531Z] Inserted unit 1000 for facility 'Dallas North'
[2025-07-23T14:08:55.567Z] Inserted unit 1001 for facility 'Dallas North'
[2025-07-23T14:08:55.616Z] Created new facility: Dallas South
[2025-07-23T14:08:55.690Z] Inserted unit 1000 for facility 'Dallas South'
[2025-07-23T14:08:55.725Z] Inserted unit 1001 for facility 'Dallas South'
[2025-07-23T14:08:55.761Z] Inserted unit 1002 for facility 'Dallas South'
[2025-07-23T14:08:55.762Z] Facilities & Units migration complete
[2025-07-23T14:08:55.763Z] --- Migrating Rent Roll ---
[2025-07-23T14:08:55.769Z] Orphaned FK: unit '1019' not found for facility 'Dallas South'
[2025-07-23T14:08:55.770Z] SKIPPED: missing required fields - {"facilityName":"Dallas North","unitNumber":"1016","firstName":"Amy","lastName":"Ramirez","phone":"","email":"","rentStartDate":"","rentEndDate":"","monthlyRent":"","currentRentOwed":"","currentRentOwedDueDate":""}
[2025-07-23T14:08:55.770Z] SKIPPED: missing required fields - {"facilityName":"Dallas South","unitNumber":"1018","firstName":"Tina","lastName":"Dodson","phone":"","email":"","rentStartDate":"","rentEndDate":"","monthlyRent":"","currentRentOwed":"","currentRentOwedDueDate":""}
[2025-07-23T14:08:55.774Z] Orphaned FK: unit '1001' not found for facility 'Dallas South'
[2025-07-23T14:08:55.777Z] Orphaned FK: unit '1002' not found for facility 'Dallas North'
[2025-07-23T14:08:55.779Z] Orphaned FK: unit '1017' not found for facility 'Dallas North'
[2025-07-23T14:08:55.780Z] Orphaned FK: unit '1018' not found for facility 'Dallas South'
[2025-07-23T14:08:55.782Z] Orphaned FK: unit '1011' not found for facility 'Dallas South'
[2025-07-23T14:08:55.784Z] Orphaned FK: unit '1008' not found for facility 'Dallas South'
[2025-07-23T14:08:55.785Z] Orphaned FK: unit '1008' not found for facility 'Dallas South'
[2025-07-23T14:08:55.787Z] Orphaned FK: unit '9999' not found for facility 'Unknown Facility'
[2025-07-23T14:08:55.789Z] Orphaned FK: unit '1010' not found for facility 'Dallas South'
[2025-07-23T14:08:55.791Z] Orphaned FK: unit '1002' not found for facility 'Dallas North'
[2025-07-23T14:08:55.793Z] Orphaned FK: unit '1018' not found for facility 'Dallas South'
[2025-07-23T14:08:55.794Z] Orphaned FK: unit '1014' not found for facility 'Dallas South'
[2025-07-23T14:08:55.797Z] Orphaned FK: unit '1001' not found for facility 'Dallas South'
[2025-07-23T14:08:55.798Z] Orphaned FK: unit '1010' not found for facility 'Dallas North'
[2025-07-23T14:08:55.800Z] Orphaned FK: unit '1007' not found for facility 'Dallas North'
[2025-07-23T14:08:55.801Z] Orphaned FK: unit '1018' not found for facility 'Dallas South'
[2025-07-23T14:08:55.803Z] Orphaned FK: unit '??unit' not found for facility '!!!Invalid Facility###'
[2025-07-23T14:08:55.842Z] Created new tenant: David Coleman
[2025-07-23T14:08:55.924Z] Inserted contract for tenant 'David Coleman' on unit '1000'
[2025-07-23T14:08:55.924Z] SKIPPED: missing required fields - {"facilityName":"Dallas North","unitNumber":"1019","firstName":"Lisa","lastName":"Robinson","phone":"","email":"","rentStartDate":"","rentEndDate":"","monthlyRent":"","currentRentOwed":"","currentRentOwedDueDate":""}
[2025-07-23T14:08:55.926Z] Orphaned FK: unit '1012' not found for facility 'Dallas South'
[2025-07-23T14:08:55.927Z] Orphaned FK: unit '1011' not found for facility 'Dallas North'
[2025-07-23T14:08:55.929Z] Orphaned FK: unit '9999' not found for facility 'Unknown Facility'
[2025-07-23T14:08:55.930Z] Orphaned FK: unit '1003' not found for facility 'Dallas South'
[2025-07-23T14:08:55.960Z] Created new tenant: Christopher Davenport
[2025-07-23T14:08:56.045Z] Inserted contract for tenant 'Christopher Davenport' on unit '1002'
[2025-07-23T14:08:56.047Z] Orphaned FK: unit '1007' not found for facility 'Dallas North'
[2025-07-23T14:08:56.049Z] Orphaned FK: unit '1011' not found for facility 'Dallas South'
[2025-07-23T14:08:56.050Z] Orphaned FK: unit '1010' not found for facility 'Dallas South'
[2025-07-23T14:08:56.051Z] Orphaned FK: unit '1014' not found for facility 'Dallas North'
[2025-07-23T14:08:56.053Z] Orphaned FK: unit '1014' not found for facility 'Dallas South'
[2025-07-23T14:08:56.054Z] SKIPPED: missing required fields - {"facilityName":"Dallas North","unitNumber":"1006","firstName":"Chloe","lastName":"Bell","phone":"","email":"","rentStartDate":"","rentEndDate":"","monthlyRent":"","currentRentOwed":"","currentRentOwedDueDate":""}
[2025-07-23T14:08:56.056Z] Orphaned FK: unit '1000' not found for facility 'Dallas South'
[2025-07-23T14:08:56.057Z] Orphaned FK: unit '9999' not found for facility 'Unknown Facility'
[2025-07-23T14:08:56.094Z] Created new tenant: Lisa Hill
[2025-07-23T14:08:56.154Z] Inserted contract for tenant 'Lisa Hill' on unit '1002'
[2025-07-23T14:08:56.190Z] Created new tenant: Robert Elliott
[2025-07-23T14:08:56.264Z] Inserted contract for tenant 'Robert Elliott' on unit '1002'
[2025-07-23T14:08:56.266Z] Orphaned FK: unit '1015' not found for facility 'Dallas South'
[2025-07-23T14:08:56.267Z] Orphaned FK: unit '1003' not found for facility 'Dallas North'
[2025-07-23T14:08:56.268Z] Orphaned FK: unit '9999' not found for facility 'Unknown Facility'
[2025-07-23T14:08:56.270Z] Orphaned FK: unit '1003' not found for facility 'Dallas North'
[2025-07-23T14:08:56.272Z] Orphaned FK: unit '1009' not found for facility 'Dallas North'
[2025-07-23T14:08:56.273Z] Orphaned FK: unit '1012' not found for facility 'Dallas North'
[2025-07-23T14:08:56.275Z] Orphaned FK: unit '1015' not found for facility 'Dallas North'
[2025-07-23T14:08:56.276Z] Orphaned FK: unit '1015' not found for facility 'Dallas North'
[2025-07-23T14:08:56.279Z] Orphaned FK: unit '1008' not found for facility 'Dallas South'
[2025-07-23T14:08:56.281Z] Orphaned FK: unit '1004' not found for facility 'Dallas North'
[2025-07-23T14:08:56.282Z] Orphaned FK: unit '1012' not found for facility 'Dallas North'
[2025-07-23T14:08:56.284Z] Orphaned FK: unit '1001' not found for facility 'Dallas South'
[2025-07-23T14:08:56.286Z] Orphaned FK: unit '1004' not found for facility 'Dallas South'
[2025-07-23T14:08:56.323Z] Created new tenant: James Pratt
[2025-07-23T14:08:56.382Z] Inserted contract for tenant 'James Pratt' on unit '1001'
[2025-07-23T14:08:56.384Z] Orphaned FK: unit '??unit' not found for facility '!!!Invalid Facility###'
[2025-07-23T14:08:56.386Z] Orphaned FK: unit '1010' not found for facility 'Dallas North'
[2025-07-23T14:08:56.387Z] Orphaned FK: unit '1019' not found for facility 'Dallas North'
[2025-07-23T14:08:56.389Z] Orphaned FK: unit '1009' not found for facility 'Dallas North'
[2025-07-23T14:08:56.391Z] Orphaned FK: unit '1019' not found for facility 'Dallas North'
[2025-07-23T14:08:56.392Z] Orphaned FK: unit '1010' not found for facility 'Dallas North'
[2025-07-23T14:08:56.394Z] Orphaned FK: unit '1007' not found for facility 'Dallas South'
[2025-07-23T14:08:56.395Z] Orphaned FK: unit '9999' not found for facility 'Unknown Facility'
[2025-07-23T14:08:56.397Z] Orphaned FK: unit '1001' not found for facility 'Dallas South'
[2025-07-23T14:08:56.399Z] Orphaned FK: unit '1003' not found for facility 'Dallas South'
[2025-07-23T14:08:56.401Z] Orphaned FK: unit '1002' not found for facility 'Dallas North'
[2025-07-23T14:08:56.403Z] Orphaned FK: unit '1019' not found for facility 'Dallas South'
[2025-07-23T14:08:56.404Z] Orphaned FK: unit '??unit' not found for facility '!!!Invalid Facility###'
[2025-07-23T14:08:56.406Z] Orphaned FK: unit '1019' not found for facility 'Dallas North'
[2025-07-23T14:08:56.408Z] Orphaned FK: unit '1002' not found for facility 'Dallas North'
[2025-07-23T14:08:56.410Z] Orphaned FK: unit '1004' not found for facility 'Dallas North'
[2025-07-23T14:08:56.411Z] Orphaned FK: unit '1018' not found for facility 'Dallas North'
[2025-07-23T14:08:56.413Z] Orphaned FK: unit '9999' not found for facility 'Unknown Facility'
[2025-07-23T14:08:56.414Z] Orphaned FK: unit '1012' not found for facility 'Dallas South'
[2025-07-23T14:08:56.416Z] Orphaned FK: unit '1014' not found for facility 'Dallas North'
[2025-07-23T14:08:56.417Z] Orphaned FK: unit '??unit' not found for facility '!!!Invalid Facility###'
[2025-07-23T14:08:56.418Z] SKIPPED: missing required fields - {"facilityName":"Dallas South","unitNumber":"1008","firstName":"Daniel","lastName":"Schwartz","phone":"","email":"","rentStartDate":"","rentEndDate":"","monthlyRent":"","currentRentOwed":"","currentRentOwedDueDate":""}
[2025-07-23T14:08:56.419Z] Orphaned FK: unit '9999' not found for facility 'Unknown Facility'
[2025-07-23T14:08:56.421Z] Orphaned FK: unit '1006' not found for facility 'Dallas North'
[2025-07-23T14:08:56.422Z] Orphaned FK: unit '9999' not found for facility 'Unknown Facility'
[2025-07-23T14:08:56.424Z] Orphaned FK: unit '1005' not found for facility 'Dallas South'
[2025-07-23T14:08:56.425Z] Orphaned FK: unit '1008' not found for facility 'Dallas North'
[2025-07-23T14:08:56.428Z] Orphaned FK: unit '1001' not found for facility 'Dallas South'
[2025-07-23T14:08:56.429Z] Orphaned FK: unit '1006' not found for facility 'Dallas South'
[2025-07-23T14:08:56.431Z] Orphaned FK: unit '1018' not found for facility 'Dallas North'
[2025-07-23T14:08:56.462Z] Created new tenant: Ryan Jones
[2025-07-23T14:08:56.523Z] Inserted contract for tenant 'Ryan Jones' on unit '1000'
[2025-07-23T14:08:56.525Z] Orphaned FK: unit '1011' not found for facility 'Dallas North'
[2025-07-23T14:08:56.526Z] Orphaned FK: unit '1012' not found for facility 'Dallas South'
[2025-07-23T14:08:56.527Z] Orphaned FK: unit '1016' not found for facility 'Dallas North'
[2025-07-23T14:08:56.530Z] Orphaned FK: unit '1001' not found for facility 'Dallas South'
[2025-07-23T14:08:56.530Z] SKIPPED: missing required fields - {"facilityName":"Dallas South","unitNumber":"1017","firstName":"Richard","lastName":"Wright","phone":"","email":"","rentStartDate":"","rentEndDate":"","monthlyRent":"","currentRentOwed":"","currentRentOwedDueDate":""}
[2025-07-23T14:08:56.532Z] Orphaned FK: unit '9999' not found for facility 'Unknown Facility'
[2025-07-23T14:08:56.533Z] SKIPPED: missing required fields - {"facilityName":"Dallas North","unitNumber":"1001","firstName":"Elizabeth","lastName":"Clark","phone":"","email":"","rentStartDate":"","rentEndDate":"","monthlyRent":"","currentRentOwed":"","currentRentOwedDueDate":""}
[2025-07-23T14:08:56.534Z] Orphaned FK: unit '9999' not found for facility 'Unknown Facility'
[2025-07-23T14:08:56.535Z] Orphaned FK: unit '??unit' not found for facility '!!!Invalid Facility###'
[2025-07-23T14:08:56.537Z] Orphaned FK: unit '1010' not found for facility 'Dallas South'
[2025-07-23T14:08:56.539Z] Orphaned FK: unit '1008' not found for facility 'Dallas North'
[2025-07-23T14:08:56.540Z] Orphaned FK: unit '1015' not found for facility 'Dallas South'
[2025-07-23T14:08:56.542Z] Orphaned FK: unit '1004' not found for facility 'Dallas North'
[2025-07-23T14:08:56.544Z] Orphaned FK: unit '1006' not found for facility 'Dallas South'
[2025-07-23T14:08:56.545Z] Orphaned FK: unit '1014' not found for facility 'Dallas North'
[2025-07-23T14:08:56.547Z] Orphaned FK: unit '1015' not found for facility 'Dallas South'
[2025-07-23T14:08:56.548Z] Orphaned FK: unit '1009' not found for facility 'Dallas South'
[2025-07-23T14:08:56.549Z] Orphaned FK: unit '1005' not found for facility 'Dallas North'
[2025-07-23T14:08:56.550Z] Rent Roll migration complete
[2025-07-23T14:08:56.550Z] === ALL MIGRATIONS COMPLETED SUCCESSFULLY. ===
[2025-07-23T14:08:56.551Z] View this log in: D:\NodeTypeScript\data-migration-script\src\logs\migration.log
[2025-07-23T14:08:56.552Z] --- Migration finished at 2025-07-23T14:08:56.552Z ---
[2025-07-23T14:09:18.854Z] --- Migration started at 2025-07-23T14:09:18.853Z ---
[2025-07-23T14:09:18.855Z] === MIGRATION STARTED ===
[2025-07-23T14:09:18.902Z] Connected to database
[2025-07-23T14:09:18.903Z] --- Migrating Facilities & Units ---
[2025-07-23T14:09:18.924Z] Skipped existing unit 1000 in facility 'Dallas North'
[2025-07-23T14:09:18.930Z] Skipped existing unit 1001 in facility 'Dallas North'
[2025-07-23T14:09:18.935Z] Skipped existing unit 1000 in facility 'Dallas South'
[2025-07-23T14:09:18.939Z] Skipped existing unit 1001 in facility 'Dallas South'
[2025-07-23T14:09:18.944Z] Skipped existing unit 1002 in facility 'Dallas South'
[2025-07-23T14:09:18.945Z] Facilities & Units migration complete
[2025-07-23T14:09:18.946Z] --- Migrating Rent Roll ---
[2025-07-23T14:09:18.952Z] Orphaned FK: unit '1019' not found for facility 'Dallas South'
[2025-07-23T14:09:18.953Z] SKIPPED: missing required fields - {"facilityName":"Dallas North","unitNumber":"1016","firstName":"Amy","lastName":"Ramirez","phone":"","email":"","rentStartDate":"","rentEndDate":"","monthlyRent":"","currentRentOwed":"","currentRentOwedDueDate":""}
[2025-07-23T14:09:18.953Z] SKIPPED: missing required fields - {"facilityName":"Dallas South","unitNumber":"1018","firstName":"Tina","lastName":"Dodson","phone":"","email":"","rentStartDate":"","rentEndDate":"","monthlyRent":"","currentRentOwed":"","currentRentOwedDueDate":""}
[2025-07-23T14:09:18.956Z] Orphaned FK: unit '1001' not found for facility 'Dallas South'
[2025-07-23T14:09:18.959Z] Orphaned FK: unit '1002' not found for facility 'Dallas North'
[2025-07-23T14:09:18.961Z] Orphaned FK: unit '1017' not found for facility 'Dallas North'
[2025-07-23T14:09:18.962Z] Orphaned FK: unit '1018' not found for facility 'Dallas South'
[2025-07-23T14:09:18.964Z] Orphaned FK: unit '1011' not found for facility 'Dallas South'
[2025-07-23T14:09:18.966Z] Orphaned FK: unit '1008' not found for facility 'Dallas South'
[2025-07-23T14:09:18.967Z] Orphaned FK: unit '1008' not found for facility 'Dallas South'
[2025-07-23T14:09:18.969Z] Orphaned FK: unit '9999' not found for facility 'Unknown Facility'
[2025-07-23T14:09:18.971Z] Orphaned FK: unit '1010' not found for facility 'Dallas South'
[2025-07-23T14:09:18.973Z] Orphaned FK: unit '1002' not found for facility 'Dallas North'
[2025-07-23T14:09:18.975Z] Orphaned FK: unit '1018' not found for facility 'Dallas South'
[2025-07-23T14:09:18.977Z] Orphaned FK: unit '1014' not found for facility 'Dallas South'
[2025-07-23T14:09:18.979Z] Orphaned FK: unit '1001' not found for facility 'Dallas South'
[2025-07-23T14:09:18.981Z] Orphaned FK: unit '1010' not found for facility 'Dallas North'
[2025-07-23T14:09:18.982Z] Orphaned FK: unit '1007' not found for facility 'Dallas North'
[2025-07-23T14:09:18.984Z] Orphaned FK: unit '1018' not found for facility 'Dallas South'
[2025-07-23T14:09:18.985Z] Orphaned FK: unit '??unit' not found for facility '!!!Invalid Facility###'
[2025-07-23T14:09:18.989Z] Reused existing tenant: David Coleman
[2025-07-23T14:09:18.994Z] Skipped duplicate contract for tenant 'David Coleman' on unit '1000'
[2025-07-23T14:09:18.994Z] SKIPPED: missing required fields - {"facilityName":"Dallas North","unitNumber":"1019","firstName":"Lisa","lastName":"Robinson","phone":"","email":"","rentStartDate":"","rentEndDate":"","monthlyRent":"","currentRentOwed":"","currentRentOwedDueDate":""}
[2025-07-23T14:09:18.996Z] Orphaned FK: unit '1012' not found for facility 'Dallas South'
[2025-07-23T14:09:18.997Z] Orphaned FK: unit '1011' not found for facility 'Dallas North'
[2025-07-23T14:09:18.999Z] Orphaned FK: unit '9999' not found for facility 'Unknown Facility'
[2025-07-23T14:09:19.000Z] Orphaned FK: unit '1003' not found for facility 'Dallas South'
[2025-07-23T14:09:19.003Z] Reused existing tenant: Christopher Davenport
[2025-07-23T14:09:19.006Z] Skipped duplicate contract for tenant 'Christopher Davenport' on unit '1002'
[2025-07-23T14:09:19.008Z] Orphaned FK: unit '1007' not found for facility 'Dallas North'
[2025-07-23T14:09:19.010Z] Orphaned FK: unit '1011' not found for facility 'Dallas South'
[2025-07-23T14:09:19.012Z] Orphaned FK: unit '1010' not found for facility 'Dallas South'
[2025-07-23T14:09:19.013Z] Orphaned FK: unit '1014' not found for facility 'Dallas North'
[2025-07-23T14:09:19.015Z] Orphaned FK: unit '1014' not found for facility 'Dallas South'
[2025-07-23T14:09:19.015Z] SKIPPED: missing required fields - {"facilityName":"Dallas North","unitNumber":"1006","firstName":"Chloe","lastName":"Bell","phone":"","email":"","rentStartDate":"","rentEndDate":"","monthlyRent":"","currentRentOwed":"","currentRentOwedDueDate":""}
[2025-07-23T14:09:19.018Z] Orphaned FK: unit '1000' not found for facility 'Dallas South'
[2025-07-23T14:09:19.019Z] Orphaned FK: unit '9999' not found for facility 'Unknown Facility'
[2025-07-23T14:09:19.022Z] Reused existing tenant: Lisa Hill
[2025-07-23T14:09:19.025Z] Skipped duplicate contract for tenant 'Lisa Hill' on unit '1002'
[2025-07-23T14:09:19.029Z] Reused existing tenant: Robert Elliott
[2025-07-23T14:09:19.032Z] Skipped duplicate contract for tenant 'Robert Elliott' on unit '1002'
[2025-07-23T14:09:19.033Z] Orphaned FK: unit '1015' not found for facility 'Dallas South'
[2025-07-23T14:09:19.035Z] Orphaned FK: unit '1003' not found for facility 'Dallas North'
[2025-07-23T14:09:19.036Z] Orphaned FK: unit '9999' not found for facility 'Unknown Facility'
[2025-07-23T14:09:19.037Z] Orphaned FK: unit '1003' not found for facility 'Dallas North'
[2025-07-23T14:09:19.039Z] Orphaned FK: unit '1009' not found for facility 'Dallas North'
[2025-07-23T14:09:19.040Z] Orphaned FK: unit '1012' not found for facility 'Dallas North'
[2025-07-23T14:09:19.042Z] Orphaned FK: unit '1015' not found for facility 'Dallas North'
[2025-07-23T14:09:19.045Z] Orphaned FK: unit '1015' not found for facility 'Dallas North'
[2025-07-23T14:09:19.047Z] Orphaned FK: unit '1008' not found for facility 'Dallas South'
[2025-07-23T14:09:19.048Z] Orphaned FK: unit '1004' not found for facility 'Dallas North'
[2025-07-23T14:09:19.049Z] Orphaned FK: unit '1012' not found for facility 'Dallas North'
[2025-07-23T14:09:19.052Z] Orphaned FK: unit '1001' not found for facility 'Dallas South'
[2025-07-23T14:09:19.053Z] Orphaned FK: unit '1004' not found for facility 'Dallas South'
[2025-07-23T14:09:19.056Z] Reused existing tenant: James Pratt
[2025-07-23T14:09:19.063Z] Skipped duplicate contract for tenant 'James Pratt' on unit '1001'
[2025-07-23T14:09:19.065Z] Orphaned FK: unit '??unit' not found for facility '!!!Invalid Facility###'
[2025-07-23T14:09:19.066Z] Orphaned FK: unit '1010' not found for facility 'Dallas North'
[2025-07-23T14:09:19.067Z] Orphaned FK: unit '1019' not found for facility 'Dallas North'
[2025-07-23T14:09:19.068Z] Orphaned FK: unit '1009' not found for facility 'Dallas North'
[2025-07-23T14:09:19.070Z] Orphaned FK: unit '1019' not found for facility 'Dallas North'
[2025-07-23T14:09:19.071Z] Orphaned FK: unit '1010' not found for facility 'Dallas North'
[2025-07-23T14:09:19.073Z] Orphaned FK: unit '1007' not found for facility 'Dallas South'
[2025-07-23T14:09:19.074Z] Orphaned FK: unit '9999' not found for facility 'Unknown Facility'
[2025-07-23T14:09:19.078Z] Orphaned FK: unit '1001' not found for facility 'Dallas South'
[2025-07-23T14:09:19.080Z] Orphaned FK: unit '1003' not found for facility 'Dallas South'
[2025-07-23T14:09:19.082Z] Orphaned FK: unit '1002' not found for facility 'Dallas North'
[2025-07-23T14:09:19.083Z] Orphaned FK: unit '1019' not found for facility 'Dallas South'
[2025-07-23T14:09:19.085Z] Orphaned FK: unit '??unit' not found for facility '!!!Invalid Facility###'
[2025-07-23T14:09:19.086Z] Orphaned FK: unit '1019' not found for facility 'Dallas North'
[2025-07-23T14:09:19.088Z] Orphaned FK: unit '1002' not found for facility 'Dallas North'
[2025-07-23T14:09:19.090Z] Orphaned FK: unit '1004' not found for facility 'Dallas North'
[2025-07-23T14:09:19.092Z] Orphaned FK: unit '1018' not found for facility 'Dallas North'
[2025-07-23T14:09:19.094Z] Orphaned FK: unit '9999' not found for facility 'Unknown Facility'
[2025-07-23T14:09:19.096Z] Orphaned FK: unit '1012' not found for facility 'Dallas South'
[2025-07-23T14:09:19.097Z] Orphaned FK: unit '1014' not found for facility 'Dallas North'
[2025-07-23T14:09:19.099Z] Orphaned FK: unit '??unit' not found for facility '!!!Invalid Facility###'
[2025-07-23T14:09:19.099Z] SKIPPED: missing required fields - {"facilityName":"Dallas South","unitNumber":"1008","firstName":"Daniel","lastName":"Schwartz","phone":"","email":"","rentStartDate":"","rentEndDate":"","monthlyRent":"","currentRentOwed":"","currentRentOwedDueDate":""}
[2025-07-23T14:09:19.101Z] Orphaned FK: unit '9999' not found for facility 'Unknown Facility'
[2025-07-23T14:09:19.102Z] Orphaned FK: unit '1006' not found for facility 'Dallas North'
[2025-07-23T14:09:19.103Z] Orphaned FK: unit '9999' not found for facility 'Unknown Facility'
[2025-07-23T14:09:19.105Z] Orphaned FK: unit '1005' not found for facility 'Dallas South'
[2025-07-23T14:09:19.106Z] Orphaned FK: unit '1008' not found for facility 'Dallas North'
[2025-07-23T14:09:19.109Z] Orphaned FK: unit '1001' not found for facility 'Dallas South'
[2025-07-23T14:09:19.111Z] Orphaned FK: unit '1006' not found for facility 'Dallas South'
[2025-07-23T14:09:19.114Z] Orphaned FK: unit '1018' not found for facility 'Dallas North'
[2025-07-23T14:09:19.117Z] Reused existing tenant: Ryan Jones
[2025-07-23T14:09:19.119Z] Skipped duplicate contract for tenant 'Ryan Jones' on unit '1000'
[2025-07-23T14:09:19.121Z] Orphaned FK: unit '1011' not found for facility 'Dallas North'
[2025-07-23T14:09:19.123Z] Orphaned FK: unit '1012' not found for facility 'Dallas South'
[2025-07-23T14:09:19.124Z] Orphaned FK: unit '1016' not found for facility 'Dallas North'
[2025-07-23T14:09:19.128Z] Orphaned FK: unit '1001' not found for facility 'Dallas South'
[2025-07-23T14:09:19.128Z] SKIPPED: missing required fields - {"facilityName":"Dallas South","unitNumber":"1017","firstName":"Richard","lastName":"Wright","phone":"","email":"","rentStartDate":"","rentEndDate":"","monthlyRent":"","currentRentOwed":"","currentRentOwedDueDate":""}
[2025-07-23T14:09:19.130Z] Orphaned FK: unit '9999' not found for facility 'Unknown Facility'
[2025-07-23T14:09:19.131Z] SKIPPED: missing required fields - {"facilityName":"Dallas North","unitNumber":"1001","firstName":"Elizabeth","lastName":"Clark","phone":"","email":"","rentStartDate":"","rentEndDate":"","monthlyRent":"","currentRentOwed":"","currentRentOwedDueDate":""}
[2025-07-23T14:09:19.132Z] Orphaned FK: unit '9999' not found for facility 'Unknown Facility'
[2025-07-23T14:09:19.133Z] Orphaned FK: unit '??unit' not found for facility '!!!Invalid Facility###'
[2025-07-23T14:09:19.135Z] Orphaned FK: unit '1010' not found for facility 'Dallas South'
[2025-07-23T14:09:19.136Z] Orphaned FK: unit '1008' not found for facility 'Dallas North'
[2025-07-23T14:09:19.137Z] Orphaned FK: unit '1015' not found for facility 'Dallas South'
[2025-07-23T14:09:19.139Z] Orphaned FK: unit '1004' not found for facility 'Dallas North'
[2025-07-23T14:09:19.140Z] Orphaned FK: unit '1006' not found for facility 'Dallas South'
[2025-07-23T14:09:19.142Z] Orphaned FK: unit '1014' not found for facility 'Dallas North'
[2025-07-23T14:09:19.144Z] Orphaned FK: unit '1015' not found for facility 'Dallas South'
[2025-07-23T14:09:19.145Z] Orphaned FK: unit '1009' not found for facility 'Dallas South'
[2025-07-23T14:09:19.147Z] Orphaned FK: unit '1005' not found for facility 'Dallas North'
[2025-07-23T14:09:19.147Z] Rent Roll migration complete
[2025-07-23T14:09:19.148Z] === ALL MIGRATIONS COMPLETED SUCCESSFULLY. ===
[2025-07-23T14:09:19.148Z] View this log in: D:\NodeTypeScript\data-migration-script\src\logs\migration.log
[2025-07-23T14:09:19.149Z] --- Migration finished at 2025-07-23T14:09:19.149Z ---
[2025-07-23T14:28:35.891Z] --- Migration started at 2025-07-23T14:28:35.890Z ---
[2025-07-23T14:28:35.891Z] === MIGRATION STARTED ===
[2025-07-23T14:28:35.939Z] Connected to database
[2025-07-23T14:28:35.940Z] --- Migrating Facilities & Units ---
[2025-07-23T14:28:35.959Z] Skipped existing unit 1000 in facility 'Dallas North'
[2025-07-23T14:28:35.964Z] Skipped existing unit 1001 in facility 'Dallas North'
[2025-07-23T14:28:35.969Z] Skipped existing unit 1000 in facility 'Dallas South'
[2025-07-23T14:28:35.974Z] Skipped existing unit 1001 in facility 'Dallas South'
[2025-07-23T14:28:35.978Z] Skipped existing unit 1002 in facility 'Dallas South'
[2025-07-23T14:28:35.978Z] Facilities & Units migration complete
[2025-07-23T14:28:35.979Z] --- Migrating Rent Roll ---
[2025-07-23T14:28:35.985Z] Orphaned FK: unit '1019' not found for facility 'Dallas South'
[2025-07-23T14:28:35.986Z] SKIPPED: missing required fields - {"facilityName":"Dallas North","unitNumber":"1016","firstName":"Amy","lastName":"Ramirez","phone":"","email":"","rentStartDate":"","rentEndDate":"","monthlyRent":"","currentRentOwed":"","currentRentOwedDueDate":""}
[2025-07-23T14:28:35.987Z] SKIPPED: missing required fields - {"facilityName":"Dallas South","unitNumber":"1018","firstName":"Tina","lastName":"Dodson","phone":"","email":"","rentStartDate":"","rentEndDate":"","monthlyRent":"","currentRentOwed":"","currentRentOwedDueDate":""}
[2025-07-23T14:28:35.990Z] Orphaned FK: unit '1001' not found for facility 'Dallas South'
[2025-07-23T14:28:35.992Z] Orphaned FK: unit '1002' not found for facility 'Dallas North'
[2025-07-23T14:28:35.994Z] Orphaned FK: unit '1017' not found for facility 'Dallas North'
[2025-07-23T14:28:35.996Z] Orphaned FK: unit '1018' not found for facility 'Dallas South'
[2025-07-23T14:28:35.997Z] Orphaned FK: unit '1011' not found for facility 'Dallas South'
[2025-07-23T14:28:35.999Z] Orphaned FK: unit '1008' not found for facility 'Dallas South'
[2025-07-23T14:28:36.001Z] Orphaned FK: unit '1008' not found for facility 'Dallas South'
[2025-07-23T14:28:36.002Z] Orphaned FK: unit '9999' not found for facility 'Unknown Facility'
[2025-07-23T14:28:36.004Z] Orphaned FK: unit '1010' not found for facility 'Dallas South'
[2025-07-23T14:28:36.007Z] Orphaned FK: unit '1002' not found for facility 'Dallas North'
[2025-07-23T14:28:36.008Z] Orphaned FK: unit '1018' not found for facility 'Dallas South'
[2025-07-23T14:28:36.010Z] Orphaned FK: unit '1014' not found for facility 'Dallas South'
[2025-07-23T14:28:36.012Z] Orphaned FK: unit '1001' not found for facility 'Dallas South'
[2025-07-23T14:28:36.013Z] Orphaned FK: unit '1010' not found for facility 'Dallas North'
[2025-07-23T14:28:36.016Z] Orphaned FK: unit '1007' not found for facility 'Dallas North'
[2025-07-23T14:28:36.018Z] Orphaned FK: unit '1018' not found for facility 'Dallas South'
[2025-07-23T14:28:36.020Z] Orphaned FK: unit '??unit' not found for facility '!!!Invalid Facility###'
[2025-07-23T14:28:36.025Z] Reused existing tenant: David Coleman
[2025-07-23T14:28:36.029Z] Skipped duplicate contract for tenant 'David Coleman' on unit '1000'
[2025-07-23T14:28:36.030Z] SKIPPED: missing required fields - {"facilityName":"Dallas North","unitNumber":"1019","firstName":"Lisa","lastName":"Robinson","phone":"","email":"","rentStartDate":"","rentEndDate":"","monthlyRent":"","currentRentOwed":"","currentRentOwedDueDate":""}
[2025-07-23T14:28:36.031Z] Orphaned FK: unit '1012' not found for facility 'Dallas South'
[2025-07-23T14:28:36.033Z] Orphaned FK: unit '1011' not found for facility 'Dallas North'
[2025-07-23T14:28:36.035Z] Orphaned FK: unit '9999' not found for facility 'Unknown Facility'
[2025-07-23T14:28:36.037Z] Orphaned FK: unit '1003' not found for facility 'Dallas South'
[2025-07-23T14:28:36.039Z] Reused existing tenant: Christopher Davenport
[2025-07-23T14:28:36.042Z] Skipped duplicate contract for tenant 'Christopher Davenport' on unit '1002'
[2025-07-23T14:28:36.044Z] Orphaned FK: unit '1007' not found for facility 'Dallas North'
[2025-07-23T14:28:36.045Z] Orphaned FK: unit '1011' not found for facility 'Dallas South'
[2025-07-23T14:28:36.046Z] Orphaned FK: unit '1010' not found for facility 'Dallas South'
[2025-07-23T14:28:36.048Z] Orphaned FK: unit '1014' not found for facility 'Dallas North'
[2025-07-23T14:28:36.049Z] Orphaned FK: unit '1014' not found for facility 'Dallas South'
[2025-07-23T14:28:36.050Z] SKIPPED: missing required fields - {"facilityName":"Dallas North","unitNumber":"1006","firstName":"Chloe","lastName":"Bell","phone":"","email":"","rentStartDate":"","rentEndDate":"","monthlyRent":"","currentRentOwed":"","currentRentOwedDueDate":""}
[2025-07-23T14:28:36.052Z] Orphaned FK: unit '1000' not found for facility 'Dallas South'
[2025-07-23T14:28:36.054Z] Orphaned FK: unit '9999' not found for facility 'Unknown Facility'
[2025-07-23T14:28:36.056Z] Reused existing tenant: Lisa Hill
[2025-07-23T14:28:36.059Z] Skipped duplicate contract for tenant 'Lisa Hill' on unit '1002'
[2025-07-23T14:28:36.062Z] Reused existing tenant: Robert Elliott
[2025-07-23T14:28:36.065Z] Skipped duplicate contract for tenant 'Robert Elliott' on unit '1002'
[2025-07-23T14:28:36.066Z] Orphaned FK: unit '1015' not found for facility 'Dallas South'
[2025-07-23T14:28:36.068Z] Orphaned FK: unit '1003' not found for facility 'Dallas North'
[2025-07-23T14:28:36.070Z] Orphaned FK: unit '9999' not found for facility 'Unknown Facility'
[2025-07-23T14:28:36.073Z] Orphaned FK: unit '1003' not found for facility 'Dallas North'
[2025-07-23T14:28:36.074Z] Orphaned FK: unit '1009' not found for facility 'Dallas North'
[2025-07-23T14:28:36.077Z] Orphaned FK: unit '1012' not found for facility 'Dallas North'
[2025-07-23T14:28:36.159Z] Orphaned FK: unit '1015' not found for facility 'Dallas North'
[2025-07-23T14:28:36.160Z] Orphaned FK: unit '1015' not found for facility 'Dallas North'
[2025-07-23T14:28:36.162Z] Orphaned FK: unit '1008' not found for facility 'Dallas South'
[2025-07-23T14:28:36.164Z] Orphaned FK: unit '1004' not found for facility 'Dallas North'
[2025-07-23T14:28:36.165Z] Orphaned FK: unit '1012' not found for facility 'Dallas North'
[2025-07-23T14:28:36.168Z] Orphaned FK: unit '1001' not found for facility 'Dallas South'
[2025-07-23T14:28:36.170Z] Orphaned FK: unit '1004' not found for facility 'Dallas South'
[2025-07-23T14:28:36.173Z] Reused existing tenant: James Pratt
[2025-07-23T14:28:36.176Z] Skipped duplicate contract for tenant 'James Pratt' on unit '1001'
[2025-07-23T14:28:36.177Z] Orphaned FK: unit '??unit' not found for facility '!!!Invalid Facility###'
[2025-07-23T14:28:36.179Z] Orphaned FK: unit '1010' not found for facility 'Dallas North'
[2025-07-23T14:28:36.180Z] Orphaned FK: unit '1019' not found for facility 'Dallas North'
[2025-07-23T14:28:36.182Z] Orphaned FK: unit '1009' not found for facility 'Dallas North'
[2025-07-23T14:28:36.183Z] Orphaned FK: unit '1019' not found for facility 'Dallas North'
[2025-07-23T14:28:36.185Z] Orphaned FK: unit '1010' not found for facility 'Dallas North'
[2025-07-23T14:28:36.187Z] Orphaned FK: unit '1007' not found for facility 'Dallas South'
[2025-07-23T14:28:36.188Z] Orphaned FK: unit '9999' not found for facility 'Unknown Facility'
[2025-07-23T14:28:36.190Z] Orphaned FK: unit '1001' not found for facility 'Dallas South'
[2025-07-23T14:28:36.192Z] Orphaned FK: unit '1003' not found for facility 'Dallas South'
[2025-07-23T14:28:36.194Z] Orphaned FK: unit '1002' not found for facility 'Dallas North'
[2025-07-23T14:28:36.196Z] Orphaned FK: unit '1019' not found for facility 'Dallas South'
[2025-07-23T14:28:36.197Z] Orphaned FK: unit '??unit' not found for facility '!!!Invalid Facility###'
[2025-07-23T14:28:36.198Z] Orphaned FK: unit '1019' not found for facility 'Dallas North'
[2025-07-23T14:28:36.201Z] Orphaned FK: unit '1002' not found for facility 'Dallas North'
[2025-07-23T14:28:36.203Z] Orphaned FK: unit '1004' not found for facility 'Dallas North'
[2025-07-23T14:28:36.204Z] Orphaned FK: unit '1018' not found for facility 'Dallas North'
[2025-07-23T14:28:36.206Z] Orphaned FK: unit '9999' not found for facility 'Unknown Facility'
[2025-07-23T14:28:36.207Z] Orphaned FK: unit '1012' not found for facility 'Dallas South'
[2025-07-23T14:28:36.208Z] Orphaned FK: unit '1014' not found for facility 'Dallas North'
[2025-07-23T14:28:36.210Z] Orphaned FK: unit '??unit' not found for facility '!!!Invalid Facility###'
[2025-07-23T14:28:36.210Z] SKIPPED: missing required fields - {"facilityName":"Dallas South","unitNumber":"1008","firstName":"Daniel","lastName":"Schwartz","phone":"","email":"","rentStartDate":"","rentEndDate":"","monthlyRent":"","currentRentOwed":"","currentRentOwedDueDate":""}
[2025-07-23T14:28:36.212Z] Orphaned FK: unit '9999' not found for facility 'Unknown Facility'
[2025-07-23T14:28:36.213Z] Orphaned FK: unit '1006' not found for facility 'Dallas North'
[2025-07-23T14:28:36.215Z] Orphaned FK: unit '9999' not found for facility 'Unknown Facility'
[2025-07-23T14:28:36.217Z] Orphaned FK: unit '1005' not found for facility 'Dallas South'
[2025-07-23T14:28:36.219Z] Orphaned FK: unit '1008' not found for facility 'Dallas North'
[2025-07-23T14:28:36.223Z] Orphaned FK: unit '1001' not found for facility 'Dallas South'
[2025-07-23T14:28:36.224Z] Orphaned FK: unit '1006' not found for facility 'Dallas South'
[2025-07-23T14:28:36.226Z] Orphaned FK: unit '1018' not found for facility 'Dallas North'
[2025-07-23T14:28:36.229Z] Reused existing tenant: Ryan Jones
[2025-07-23T14:28:36.233Z] Skipped duplicate contract for tenant 'Ryan Jones' on unit '1000'
[2025-07-23T14:28:36.234Z] Orphaned FK: unit '1011' not found for facility 'Dallas North'
[2025-07-23T14:28:36.236Z] Orphaned FK: unit '1012' not found for facility 'Dallas South'
[2025-07-23T14:28:36.237Z] Orphaned FK: unit '1016' not found for facility 'Dallas North'
[2025-07-23T14:28:36.239Z] Orphaned FK: unit '1001' not found for facility 'Dallas South'
[2025-07-23T14:28:36.240Z] SKIPPED: missing required fields - {"facilityName":"Dallas South","unitNumber":"1017","firstName":"Richard","lastName":"Wright","phone":"","email":"","rentStartDate":"","rentEndDate":"","monthlyRent":"","currentRentOwed":"","currentRentOwedDueDate":""}
[2025-07-23T14:28:36.241Z] Orphaned FK: unit '9999' not found for facility 'Unknown Facility'
[2025-07-23T14:28:36.242Z] SKIPPED: missing required fields - {"facilityName":"Dallas North","unitNumber":"1001","firstName":"Elizabeth","lastName":"Clark","phone":"","email":"","rentStartDate":"","rentEndDate":"","monthlyRent":"","currentRentOwed":"","currentRentOwedDueDate":""}
[2025-07-23T14:28:36.243Z] Orphaned FK: unit '9999' not found for facility 'Unknown Facility'
[2025-07-23T14:28:36.244Z] Orphaned FK: unit '??unit' not found for facility '!!!Invalid Facility###'
[2025-07-23T14:28:36.246Z] Orphaned FK: unit '1010' not found for facility 'Dallas South'
[2025-07-23T14:28:36.247Z] Orphaned FK: unit '1008' not found for facility 'Dallas North'
[2025-07-23T14:28:36.249Z] Orphaned FK: unit '1015' not found for facility 'Dallas South'
[2025-07-23T14:28:36.250Z] Orphaned FK: unit '1004' not found for facility 'Dallas North'
[2025-07-23T14:28:36.252Z] Orphaned FK: unit '1006' not found for facility 'Dallas South'
[2025-07-23T14:28:36.253Z] Orphaned FK: unit '1014' not found for facility 'Dallas North'
[2025-07-23T14:28:36.255Z] Orphaned FK: unit '1015' not found for facility 'Dallas South'
[2025-07-23T14:28:36.256Z] Orphaned FK: unit '1009' not found for facility 'Dallas South'
[2025-07-23T14:28:36.257Z] Orphaned FK: unit '1005' not found for facility 'Dallas North'
[2025-07-23T14:28:36.258Z] Rent Roll migration complete
[2025-07-23T14:28:36.258Z] === ALL MIGRATIONS COMPLETED SUCCESSFULLY. ===
[2025-07-23T14:28:36.259Z] View this log in: D:\NodeTypeScript\data-migration-script\src\logs\migration.log
[2025-07-23T14:28:36.260Z] --- Migration finished at 2025-07-23T14:28:36.260Z ---
[2025-07-23T16:42:26.018Z] --- Migration started at 2025-07-23T16:42:26.017Z ---
[2025-07-23T16:42:26.019Z] === MIGRATION STARTED ===
[2025-07-23T16:42:26.067Z] Connected to database
[2025-07-23T16:42:26.067Z] --- Migrating Facilities & Units ---
[2025-07-23T16:42:26.184Z] Created new facility: Dallas North
[2025-07-23T16:42:26.219Z] Inserted unit 1000 for facility 'Dallas North'
[2025-07-23T16:42:26.255Z] Inserted unit 1001 for facility 'Dallas North'
[2025-07-23T16:42:26.304Z] Created new facility: Dallas South
[2025-07-23T16:42:26.353Z] Inserted unit 1000 for facility 'Dallas South'
[2025-07-23T16:42:26.414Z] Inserted unit 1001 for facility 'Dallas South'
[2025-07-23T16:42:26.449Z] Inserted unit 1002 for facility 'Dallas South'
[2025-07-23T16:42:26.450Z] Facilities & Units migration complete
[2025-07-23T16:42:26.450Z] --- Migrating Rent Roll ---
[2025-07-23T16:42:26.457Z] Orphaned FK: unit '1019' not found for facility 'Dallas South'
[2025-07-23T16:42:26.457Z] SKIPPED: missing required fields - {"facilityName":"Dallas North","unitNumber":"1016","firstName":"Amy","lastName":"Ramirez","phone":"","email":"","rentStartDate":"","rentEndDate":"","monthlyRent":"","currentRentOwed":"","currentRentOwedDueDate":""}
[2025-07-23T16:42:26.458Z] SKIPPED: missing required fields - {"facilityName":"Dallas South","unitNumber":"1018","firstName":"Tina","lastName":"Dodson","phone":"","email":"","rentStartDate":"","rentEndDate":"","monthlyRent":"","currentRentOwed":"","currentRentOwedDueDate":""}
[2025-07-23T16:42:26.461Z] Orphaned FK: unit '1001' not found for facility 'Dallas South'
[2025-07-23T16:42:26.465Z] Orphaned FK: unit '1002' not found for facility 'Dallas North'
[2025-07-23T16:42:26.467Z] Orphaned FK: unit '1017' not found for facility 'Dallas North'
[2025-07-23T16:42:26.469Z] Orphaned FK: unit '1018' not found for facility 'Dallas South'
[2025-07-23T16:42:26.470Z] Orphaned FK: unit '1011' not found for facility 'Dallas South'
[2025-07-23T16:42:26.472Z] Orphaned FK: unit '1008' not found for facility 'Dallas South'
[2025-07-23T16:42:26.473Z] Orphaned FK: unit '1008' not found for facility 'Dallas South'
[2025-07-23T16:42:26.475Z] Orphaned FK: unit '9999' not found for facility 'Unknown Facility'
[2025-07-23T16:42:26.476Z] Orphaned FK: unit '1010' not found for facility 'Dallas South'
[2025-07-23T16:42:26.479Z] Orphaned FK: unit '1002' not found for facility 'Dallas North'
[2025-07-23T16:42:26.481Z] Orphaned FK: unit '1018' not found for facility 'Dallas South'
[2025-07-23T16:42:26.483Z] Orphaned FK: unit '1014' not found for facility 'Dallas South'
[2025-07-23T16:42:26.485Z] Orphaned FK: unit '1001' not found for facility 'Dallas South'
[2025-07-23T16:42:26.487Z] Orphaned FK: unit '1010' not found for facility 'Dallas North'
[2025-07-23T16:42:26.488Z] Orphaned FK: unit '1007' not found for facility 'Dallas North'
[2025-07-23T16:42:26.489Z] Orphaned FK: unit '1018' not found for facility 'Dallas South'
[2025-07-23T16:42:26.491Z] Orphaned FK: unit '??unit' not found for facility '!!!Invalid Facility###'
[2025-07-23T16:42:26.529Z] Created new tenant: David Coleman
[2025-07-23T16:42:26.590Z] Inserted contract for tenant 'David Coleman' on unit '1000'
[2025-07-23T16:42:26.591Z] SKIPPED: missing required fields - {"facilityName":"Dallas North","unitNumber":"1019","firstName":"Lisa","lastName":"Robinson","phone":"","email":"","rentStartDate":"","rentEndDate":"","monthlyRent":"","currentRentOwed":"","currentRentOwedDueDate":""}
[2025-07-23T16:42:26.593Z] Orphaned FK: unit '1012' not found for facility 'Dallas South'
[2025-07-23T16:42:26.594Z] Orphaned FK: unit '1011' not found for facility 'Dallas North'
[2025-07-23T16:42:26.595Z] Orphaned FK: unit '9999' not found for facility 'Unknown Facility'
[2025-07-23T16:42:26.597Z] Orphaned FK: unit '1003' not found for facility 'Dallas South'
[2025-07-23T16:42:26.625Z] Created new tenant: Christopher Davenport
[2025-07-23T16:42:26.710Z] Inserted contract for tenant 'Christopher Davenport' on unit '1002'
[2025-07-23T16:42:26.712Z] Orphaned FK: unit '1007' not found for facility 'Dallas North'
[2025-07-23T16:42:26.713Z] Orphaned FK: unit '1011' not found for facility 'Dallas South'
[2025-07-23T16:42:26.715Z] Orphaned FK: unit '1010' not found for facility 'Dallas South'
[2025-07-23T16:42:26.716Z] Orphaned FK: unit '1014' not found for facility 'Dallas North'
[2025-07-23T16:42:26.718Z] Orphaned FK: unit '1014' not found for facility 'Dallas South'
[2025-07-23T16:42:26.718Z] SKIPPED: missing required fields - {"facilityName":"Dallas North","unitNumber":"1006","firstName":"Chloe","lastName":"Bell","phone":"","email":"","rentStartDate":"","rentEndDate":"","monthlyRent":"","currentRentOwed":"","currentRentOwedDueDate":""}
[2025-07-23T16:42:26.720Z] Orphaned FK: unit '1000' not found for facility 'Dallas South'
[2025-07-23T16:42:26.722Z] Orphaned FK: unit '9999' not found for facility 'Unknown Facility'
[2025-07-23T16:42:26.759Z] Created new tenant: Lisa Hill
[2025-07-23T16:42:26.820Z] Inserted contract for tenant 'Lisa Hill' on unit '1002'
[2025-07-23T16:42:26.856Z] Created new tenant: Robert Elliott
[2025-07-23T16:42:26.929Z] Inserted contract for tenant 'Robert Elliott' on unit '1002'
[2025-07-23T16:42:26.932Z] Orphaned FK: unit '1015' not found for facility 'Dallas South'
[2025-07-23T16:42:26.933Z] Orphaned FK: unit '1003' not found for facility 'Dallas North'
[2025-07-23T16:42:26.935Z] Orphaned FK: unit '9999' not found for facility 'Unknown Facility'
[2025-07-23T16:42:26.936Z] Orphaned FK: unit '1003' not found for facility 'Dallas North'
[2025-07-23T16:42:26.938Z] Orphaned FK: unit '1009' not found for facility 'Dallas North'
[2025-07-23T16:42:26.939Z] Orphaned FK: unit '1012' not found for facility 'Dallas North'
[2025-07-23T16:42:26.941Z] Orphaned FK: unit '1015' not found for facility 'Dallas North'
[2025-07-23T16:42:26.942Z] Orphaned FK: unit '1015' not found for facility 'Dallas North'
[2025-07-23T16:42:26.944Z] Orphaned FK: unit '1008' not found for facility 'Dallas South'
[2025-07-23T16:42:26.945Z] Orphaned FK: unit '1004' not found for facility 'Dallas North'
[2025-07-23T16:42:26.947Z] Orphaned FK: unit '1012' not found for facility 'Dallas North'
[2025-07-23T16:42:26.949Z] Orphaned FK: unit '1001' not found for facility 'Dallas South'
[2025-07-23T16:42:26.950Z] Orphaned FK: unit '1004' not found for facility 'Dallas South'
[2025-07-23T16:42:26.976Z] Created new tenant: James Pratt
[2025-07-23T16:42:27.037Z] Inserted contract for tenant 'James Pratt' on unit '1001'
[2025-07-23T16:42:27.039Z] Orphaned FK: unit '??unit' not found for facility '!!!Invalid Facility###'
[2025-07-23T16:42:27.041Z] Orphaned FK: unit '1010' not found for facility 'Dallas North'
[2025-07-23T16:42:27.042Z] Orphaned FK: unit '1019' not found for facility 'Dallas North'
[2025-07-23T16:42:27.044Z] Orphaned FK: unit '1009' not found for facility 'Dallas North'
[2025-07-23T16:42:27.045Z] Orphaned FK: unit '1019' not found for facility 'Dallas North'
[2025-07-23T16:42:27.047Z] Orphaned FK: unit '1010' not found for facility 'Dallas North'
[2025-07-23T16:42:27.049Z] Orphaned FK: unit '1007' not found for facility 'Dallas South'
[2025-07-23T16:42:27.050Z] Orphaned FK: unit '9999' not found for facility 'Unknown Facility'
[2025-07-23T16:42:27.052Z] Orphaned FK: unit '1001' not found for facility 'Dallas South'
[2025-07-23T16:42:27.054Z] Orphaned FK: unit '1003' not found for facility 'Dallas South'
[2025-07-23T16:42:27.056Z] Orphaned FK: unit '1002' not found for facility 'Dallas North'
[2025-07-23T16:42:27.057Z] Orphaned FK: unit '1019' not found for facility 'Dallas South'
[2025-07-23T16:42:27.059Z] Orphaned FK: unit '??unit' not found for facility '!!!Invalid Facility###'
[2025-07-23T16:42:27.060Z] Orphaned FK: unit '1019' not found for facility 'Dallas North'
[2025-07-23T16:42:27.063Z] Orphaned FK: unit '1002' not found for facility 'Dallas North'
[2025-07-23T16:42:27.064Z] Orphaned FK: unit '1004' not found for facility 'Dallas North'
[2025-07-23T16:42:27.066Z] Orphaned FK: unit '1018' not found for facility 'Dallas North'
[2025-07-23T16:42:27.067Z] Orphaned FK: unit '9999' not found for facility 'Unknown Facility'
[2025-07-23T16:42:27.069Z] Orphaned FK: unit '1012' not found for facility 'Dallas South'
[2025-07-23T16:42:27.070Z] Orphaned FK: unit '1014' not found for facility 'Dallas North'
[2025-07-23T16:42:27.071Z] Orphaned FK: unit '??unit' not found for facility '!!!Invalid Facility###'
[2025-07-23T16:42:27.072Z] SKIPPED: missing required fields - {"facilityName":"Dallas South","unitNumber":"1008","firstName":"Daniel","lastName":"Schwartz","phone":"","email":"","rentStartDate":"","rentEndDate":"","monthlyRent":"","currentRentOwed":"","currentRentOwedDueDate":""}
[2025-07-23T16:42:27.073Z] Orphaned FK: unit '9999' not found for facility 'Unknown Facility'
[2025-07-23T16:42:27.075Z] Orphaned FK: unit '1006' not found for facility 'Dallas North'
[2025-07-23T16:42:27.076Z] Orphaned FK: unit '9999' not found for facility 'Unknown Facility'
[2025-07-23T16:42:27.078Z] Orphaned FK: unit '1005' not found for facility 'Dallas South'
[2025-07-23T16:42:27.079Z] Orphaned FK: unit '1008' not found for facility 'Dallas North'
[2025-07-23T16:42:27.081Z] Orphaned FK: unit '1001' not found for facility 'Dallas South'
[2025-07-23T16:42:27.083Z] Orphaned FK: unit '1006' not found for facility 'Dallas South'
[2025-07-23T16:42:27.084Z] Orphaned FK: unit '1018' not found for facility 'Dallas North'
[2025-07-23T16:42:27.117Z] Created new tenant: Ryan Jones
[2025-07-23T16:42:27.177Z] Inserted contract for tenant 'Ryan Jones' on unit '1000'
[2025-07-23T16:42:27.180Z] Orphaned FK: unit '1011' not found for facility 'Dallas North'
[2025-07-23T16:42:27.181Z] Orphaned FK: unit '1012' not found for facility 'Dallas South'
[2025-07-23T16:42:27.182Z] Orphaned FK: unit '1016' not found for facility 'Dallas North'
[2025-07-23T16:42:27.185Z] Orphaned FK: unit '1001' not found for facility 'Dallas South'
[2025-07-23T16:42:27.185Z] SKIPPED: missing required fields - {"facilityName":"Dallas South","unitNumber":"1017","firstName":"Richard","lastName":"Wright","phone":"","email":"","rentStartDate":"","rentEndDate":"","monthlyRent":"","currentRentOwed":"","currentRentOwedDueDate":""}
[2025-07-23T16:42:27.187Z] Orphaned FK: unit '9999' not found for facility 'Unknown Facility'
[2025-07-23T16:42:27.187Z] SKIPPED: missing required fields - {"facilityName":"Dallas North","unitNumber":"1001","firstName":"Elizabeth","lastName":"Clark","phone":"","email":"","rentStartDate":"","rentEndDate":"","monthlyRent":"","currentRentOwed":"","currentRentOwedDueDate":""}
[2025-07-23T16:42:27.189Z] Orphaned FK: unit '9999' not found for facility 'Unknown Facility'
[2025-07-23T16:42:27.190Z] Orphaned FK: unit '??unit' not found for facility '!!!Invalid Facility###'
[2025-07-23T16:42:27.192Z] Orphaned FK: unit '1010' not found for facility 'Dallas South'
[2025-07-23T16:42:27.193Z] Orphaned FK: unit '1008' not found for facility 'Dallas North'
[2025-07-23T16:42:27.195Z] Orphaned FK: unit '1015' not found for facility 'Dallas South'
[2025-07-23T16:42:27.196Z] Orphaned FK: unit '1004' not found for facility 'Dallas North'
[2025-07-23T16:42:27.198Z] Orphaned FK: unit '1006' not found for facility 'Dallas South'
[2025-07-23T16:42:27.199Z] Orphaned FK: unit '1014' not found for facility 'Dallas North'
[2025-07-23T16:42:27.201Z] Orphaned FK: unit '1015' not found for facility 'Dallas South'
[2025-07-23T16:42:27.202Z] Orphaned FK: unit '1009' not found for facility 'Dallas South'
[2025-07-23T16:42:27.203Z] Orphaned FK: unit '1005' not found for facility 'Dallas North'
[2025-07-23T16:42:27.204Z] Rent Roll migration complete
[2025-07-23T16:42:27.204Z] === ALL MIGRATIONS COMPLETED SUCCESSFULLY. ===
[2025-07-23T16:42:27.205Z] View this log in: D:\NodeTypeScript\data-migration-script\src\logs\migration.log
[2025-07-23T16:42:27.206Z] --- Migration finished at 2025-07-23T16:42:27.206Z ---
[2025-07-23T17:01:45.933Z] --- Migration started at 2025-07-23T17:01:45.932Z ---
[2025-07-23T17:01:45.934Z] === MIGRATION STARTED ===
[2025-07-23T17:01:45.982Z] Connected to database
[2025-07-23T17:01:45.983Z] --- Migrating Facilities & Units ---
[2025-07-23T17:01:46.026Z] Created new facility: Dallas North
[2025-07-23T17:01:46.062Z] Inserted unit 1000 for facility 'Dallas North'
[2025-07-23T17:01:46.097Z] Inserted unit 1001 for facility 'Dallas North'
[2025-07-23T17:01:46.147Z] Created new facility: Dallas South
[2025-07-23T17:01:46.196Z] Inserted unit 1000 for facility 'Dallas South'
[2025-07-23T17:01:46.232Z] Inserted unit 1001 for facility 'Dallas South'
[2025-07-23T17:01:46.268Z] Inserted unit 1002 for facility 'Dallas South'
[2025-07-23T17:01:46.268Z] Facilities & Units migration complete
[2025-07-23T17:01:46.269Z] --- Migrating Rent Roll ---
[2025-07-23T17:01:46.275Z] Orphaned FK: unit '1019' not found for facility 'Dallas South'
[2025-07-23T17:01:46.276Z] SKIPPED: missing required fields - {"facilityName":"Dallas North","unitNumber":"1016","firstName":"Amy","lastName":"Ramirez","phone":"","email":"","rentStartDate":"","rentEndDate":"","monthlyRent":"","currentRentOwed":"","currentRentOwedDueDate":""}
[2025-07-23T17:01:46.276Z] SKIPPED: missing required fields - {"facilityName":"Dallas South","unitNumber":"1018","firstName":"Tina","lastName":"Dodson","phone":"","email":"","rentStartDate":"","rentEndDate":"","monthlyRent":"","currentRentOwed":"","currentRentOwedDueDate":""}
[2025-07-23T17:01:46.280Z] Orphaned FK: unit '1001' not found for facility 'Dallas South'
[2025-07-23T17:01:46.283Z] Orphaned FK: unit '1002' not found for facility 'Dallas North'
[2025-07-23T17:01:46.285Z] Orphaned FK: unit '1017' not found for facility 'Dallas North'
[2025-07-23T17:01:46.287Z] Orphaned FK: unit '1018' not found for facility 'Dallas South'
[2025-07-23T17:01:46.288Z] Orphaned FK: unit '1011' not found for facility 'Dallas South'
[2025-07-23T17:01:46.289Z] Orphaned FK: unit '1008' not found for facility 'Dallas South'
[2025-07-23T17:01:46.291Z] Orphaned FK: unit '1008' not found for facility 'Dallas South'
[2025-07-23T17:01:46.293Z] Orphaned FK: unit '9999' not found for facility 'Unknown Facility'
[2025-07-23T17:01:46.295Z] Orphaned FK: unit '1010' not found for facility 'Dallas South'
[2025-07-23T17:01:46.297Z] Orphaned FK: unit '1002' not found for facility 'Dallas North'
[2025-07-23T17:01:46.298Z] Orphaned FK: unit '1018' not found for facility 'Dallas South'
[2025-07-23T17:01:46.300Z] Orphaned FK: unit '1014' not found for facility 'Dallas South'
[2025-07-23T17:01:46.302Z] Orphaned FK: unit '1001' not found for facility 'Dallas South'
[2025-07-23T17:01:46.303Z] Orphaned FK: unit '1010' not found for facility 'Dallas North'
[2025-07-23T17:01:46.305Z] Orphaned FK: unit '1007' not found for facility 'Dallas North'
[2025-07-23T17:01:46.306Z] Orphaned FK: unit '1018' not found for facility 'Dallas South'
[2025-07-23T17:01:46.308Z] Orphaned FK: unit '??unit' not found for facility '!!!Invalid Facility###'
[2025-07-23T17:01:46.312Z] Created new tenant: David Coleman
[2025-07-23T17:01:46.316Z] Inserted contract for tenant 'David Coleman' on unit '1000'
[2025-07-23T17:01:46.316Z] SKIPPED: missing required fields - {"facilityName":"Dallas North","unitNumber":"1019","firstName":"Lisa","lastName":"Robinson","phone":"","email":"","rentStartDate":"","rentEndDate":"","monthlyRent":"","currentRentOwed":"","currentRentOwedDueDate":""}
[2025-07-23T17:01:46.318Z] Orphaned FK: unit '1012' not found for facility 'Dallas South'
[2025-07-23T17:01:46.319Z] Orphaned FK: unit '1011' not found for facility 'Dallas North'
[2025-07-23T17:01:46.321Z] Orphaned FK: unit '9999' not found for facility 'Unknown Facility'
[2025-07-23T17:01:46.322Z] Orphaned FK: unit '1003' not found for facility 'Dallas South'
[2025-07-23T17:01:46.326Z] Created new tenant: Christopher Davenport
[2025-07-23T17:01:46.329Z] Inserted contract for tenant 'Christopher Davenport' on unit '1002'
[2025-07-23T17:01:46.330Z] Orphaned FK: unit '1007' not found for facility 'Dallas North'
[2025-07-23T17:01:46.331Z] Orphaned FK: unit '1011' not found for facility 'Dallas South'
[2025-07-23T17:01:46.332Z] Orphaned FK: unit '1010' not found for facility 'Dallas South'
[2025-07-23T17:01:46.334Z] Orphaned FK: unit '1014' not found for facility 'Dallas North'
[2025-07-23T17:01:46.335Z] Orphaned FK: unit '1014' not found for facility 'Dallas South'
[2025-07-23T17:01:46.336Z] SKIPPED: missing required fields - {"facilityName":"Dallas North","unitNumber":"1006","firstName":"Chloe","lastName":"Bell","phone":"","email":"","rentStartDate":"","rentEndDate":"","monthlyRent":"","currentRentOwed":"","currentRentOwedDueDate":""}
[2025-07-23T17:01:46.338Z] Orphaned FK: unit '1000' not found for facility 'Dallas South'
[2025-07-23T17:01:46.339Z] Orphaned FK: unit '9999' not found for facility 'Unknown Facility'
[2025-07-23T17:01:46.342Z] Created new tenant: Lisa Hill
[2025-07-23T17:01:46.344Z] Inserted contract for tenant 'Lisa Hill' on unit '1002'
[2025-07-23T17:01:46.347Z] Created new tenant: Robert Elliott
[2025-07-23T17:01:46.349Z] Inserted contract for tenant 'Robert Elliott' on unit '1002'
[2025-07-23T17:01:46.350Z] Orphaned FK: unit '1015' not found for facility 'Dallas South'
[2025-07-23T17:01:46.351Z] Orphaned FK: unit '1003' not found for facility 'Dallas North'
[2025-07-23T17:01:46.353Z] Orphaned FK: unit '9999' not found for facility 'Unknown Facility'
[2025-07-23T17:01:46.354Z] Orphaned FK: unit '1003' not found for facility 'Dallas North'
[2025-07-23T17:01:46.355Z] Orphaned FK: unit '1009' not found for facility 'Dallas North'
[2025-07-23T17:01:46.357Z] Orphaned FK: unit '1012' not found for facility 'Dallas North'
[2025-07-23T17:01:46.359Z] Orphaned FK: unit '1015' not found for facility 'Dallas North'
[2025-07-23T17:01:46.360Z] Orphaned FK: unit '1015' not found for facility 'Dallas North'
[2025-07-23T17:01:46.362Z] Orphaned FK: unit '1008' not found for facility 'Dallas South'
[2025-07-23T17:01:46.363Z] Orphaned FK: unit '1004' not found for facility 'Dallas North'
[2025-07-23T17:01:46.364Z] Orphaned FK: unit '1012' not found for facility 'Dallas North'
[2025-07-23T17:01:46.366Z] Orphaned FK: unit '1001' not found for facility 'Dallas South'
[2025-07-23T17:01:46.367Z] Orphaned FK: unit '1004' not found for facility 'Dallas South'
[2025-07-23T17:01:46.370Z] Created new tenant: James Pratt
[2025-07-23T17:01:46.372Z] Inserted contract for tenant 'James Pratt' on unit '1001'
[2025-07-23T17:01:46.373Z] Orphaned FK: unit '??unit' not found for facility '!!!Invalid Facility###'
[2025-07-23T17:01:46.375Z] Orphaned FK: unit '1010' not found for facility 'Dallas North'
[2025-07-23T17:01:46.376Z] Orphaned FK: unit '1019' not found for facility 'Dallas North'
[2025-07-23T17:01:46.377Z] Orphaned FK: unit '1009' not found for facility 'Dallas North'
[2025-07-23T17:01:46.379Z] Orphaned FK: unit '1019' not found for facility 'Dallas North'
[2025-07-23T17:01:46.380Z] Orphaned FK: unit '1010' not found for facility 'Dallas North'
[2025-07-23T17:01:46.381Z] Orphaned FK: unit '1007' not found for facility 'Dallas South'
[2025-07-23T17:01:46.382Z] Orphaned FK: unit '9999' not found for facility 'Unknown Facility'
[2025-07-23T17:01:46.384Z] Orphaned FK: unit '1001' not found for facility 'Dallas South'
[2025-07-23T17:01:46.386Z] Orphaned FK: unit '1003' not found for facility 'Dallas South'
[2025-07-23T17:01:46.389Z] Orphaned FK: unit '1002' not found for facility 'Dallas North'
[2025-07-23T17:01:46.391Z] Orphaned FK: unit '1019' not found for facility 'Dallas South'
[2025-07-23T17:01:46.392Z] Orphaned FK: unit '??unit' not found for facility '!!!Invalid Facility###'
[2025-07-23T17:01:46.393Z] Orphaned FK: unit '1019' not found for facility 'Dallas North'
[2025-07-23T17:01:46.395Z] Orphaned FK: unit '1002' not found for facility 'Dallas North'
[2025-07-23T17:01:46.396Z] Orphaned FK: unit '1004' not found for facility 'Dallas North'
[2025-07-23T17:01:46.397Z] Orphaned FK: unit '1018' not found for facility 'Dallas North'
[2025-07-23T17:01:46.398Z] Orphaned FK: unit '9999' not found for facility 'Unknown Facility'
[2025-07-23T17:01:46.399Z] Orphaned FK: unit '1012' not found for facility 'Dallas South'
[2025-07-23T17:01:46.400Z] Orphaned FK: unit '1014' not found for facility 'Dallas North'
[2025-07-23T17:01:46.402Z] Orphaned FK: unit '??unit' not found for facility '!!!Invalid Facility###'
[2025-07-23T17:01:46.402Z] SKIPPED: missing required fields - {"facilityName":"Dallas South","unitNumber":"1008","firstName":"Daniel","lastName":"Schwartz","phone":"","email":"","rentStartDate":"","rentEndDate":"","monthlyRent":"","currentRentOwed":"","currentRentOwedDueDate":""}
[2025-07-23T17:01:46.404Z] Orphaned FK: unit '9999' not found for facility 'Unknown Facility'
[2025-07-23T17:01:46.405Z] Orphaned FK: unit '1006' not found for facility 'Dallas North'
[2025-07-23T17:01:46.406Z] Orphaned FK: unit '9999' not found for facility 'Unknown Facility'
[2025-07-23T17:01:46.407Z] Orphaned FK: unit '1005' not found for facility 'Dallas South'
[2025-07-23T17:01:46.409Z] Orphaned FK: unit '1008' not found for facility 'Dallas North'
[2025-07-23T17:01:46.411Z] Orphaned FK: unit '1001' not found for facility 'Dallas South'
[2025-07-23T17:01:46.412Z] Orphaned FK: unit '1006' not found for facility 'Dallas South'
[2025-07-23T17:01:46.413Z] Orphaned FK: unit '1018' not found for facility 'Dallas North'
[2025-07-23T17:01:46.415Z] Created new tenant: Ryan Jones
[2025-07-23T17:01:46.417Z] Inserted contract for tenant 'Ryan Jones' on unit '1000'
[2025-07-23T17:01:46.418Z] Orphaned FK: unit '1011' not found for facility 'Dallas North'
[2025-07-23T17:01:46.420Z] Orphaned FK: unit '1012' not found for facility 'Dallas South'
[2025-07-23T17:01:46.421Z] Orphaned FK: unit '1016' not found for facility 'Dallas North'
[2025-07-23T17:01:46.423Z] Orphaned FK: unit '1001' not found for facility 'Dallas South'
[2025-07-23T17:01:46.424Z] SKIPPED: missing required fields - {"facilityName":"Dallas South","unitNumber":"1017","firstName":"Richard","lastName":"Wright","phone":"","email":"","rentStartDate":"","rentEndDate":"","monthlyRent":"","currentRentOwed":"","currentRentOwedDueDate":""}
[2025-07-23T17:01:46.425Z] Orphaned FK: unit '9999' not found for facility 'Unknown Facility'
[2025-07-23T17:01:46.426Z] SKIPPED: missing required fields - {"facilityName":"Dallas North","unitNumber":"1001","firstName":"Elizabeth","lastName":"Clark","phone":"","email":"","rentStartDate":"","rentEndDate":"","monthlyRent":"","currentRentOwed":"","currentRentOwedDueDate":""}
[2025-07-23T17:01:46.427Z] Orphaned FK: unit '9999' not found for facility 'Unknown Facility'
[2025-07-23T17:01:46.428Z] Orphaned FK: unit '??unit' not found for facility '!!!Invalid Facility###'
[2025-07-23T17:01:46.429Z] Orphaned FK: unit '1010' not found for facility 'Dallas South'
[2025-07-23T17:01:46.430Z] Orphaned FK: unit '1008' not found for facility 'Dallas North'
[2025-07-23T17:01:46.431Z] Orphaned FK: unit '1015' not found for facility 'Dallas South'
[2025-07-23T17:01:46.433Z] Orphaned FK: unit '1004' not found for facility 'Dallas North'
[2025-07-23T17:01:46.434Z] Orphaned FK: unit '1006' not found for facility 'Dallas South'
[2025-07-23T17:01:46.435Z] Orphaned FK: unit '1014' not found for facility 'Dallas North'
[2025-07-23T17:01:46.436Z] Orphaned FK: unit '1015' not found for facility 'Dallas South'
[2025-07-23T17:01:46.438Z] Orphaned FK: unit '1009' not found for facility 'Dallas South'
[2025-07-23T17:01:46.439Z] Orphaned FK: unit '1005' not found for facility 'Dallas North'
[2025-07-23T17:01:46.470Z] Final batch committed
[2025-07-23T17:01:46.470Z] Rent Roll migration complete
[2025-07-23T17:01:46.471Z] === ALL MIGRATIONS COMPLETED SUCCESSFULLY. ===
[2025-07-23T17:01:46.471Z] View this log in: D:\NodeTypeScript\data-migration-script\src\logs\migration.log
[2025-07-23T17:01:46.472Z] --- Migration finished at 2025-07-23T17:01:46.472Z ---
